#
# A fatal error has been detected by the Java Runtime Environment:
#
#  EXCEPTION_ACCESS_VIOLATION (0xc0000005) at pc=0x00007ffb02264430, pid=16016, tid=14984
#
# JRE version: OpenJDK Runtime Environment (22.0.2+9) (build 22.0.2+9-70)
# Java VM: OpenJDK 64-Bit Server VM (22.0.2+9-70, mixed mode, sharing, tiered, compressed oops, compressed class ptrs, g1 gc, windows-amd64)
# Problematic frame:
# V  [jvm.dll+0x6b4430]
#
# No core dump will be written. Minidumps are not enabled by default on client versions of Windows
#
# If you would like to submit a bug report, please visit:
#   https://bugreport.java.com/bugreport/crash.jsp
#

---------------  S U M M A R Y ------------

Command Line: -javaagent:C:\Users\Danilka\AppData\Local\Programs\IntelliJ IDEA Community Edition\lib\idea_rt.jar=56953:C:\Users\Danilka\AppData\Local\Programs\IntelliJ IDEA Community Edition\bin -Dfile.encoding=UTF-8 -Dsun.stdout.encoding=UTF-8 -Dsun.stderr.encoding=UTF-8 --module-path=C:\Users\Danilka\IdeaProjects\Course_Work\lib\javax.websocket-client-api-1.1.jar;C:\Users\Danilka\IdeaProjects\Course_Work\lib\jackson-core-asl-1.9.12.jar;C:\Users\Danilka\IdeaProjects\Course_Work\target\classes;C:\Users\Danilka\.m2\repository\com\google\protobuf\protobuf-java\3.21.9\protobuf-java-3.21.9.jar;C:\Users\Danilka\.m2\repository\org\slf4j\slf4j-api\2.0.13\slf4j-api-2.0.13.jar;C:\Users\Danilka\IdeaProjects\Course_Work\lib\slf4j-api-2.0.6.jar;C:\Users\Danilka\.m2\repository\com\google\api\api-common\2.31.0\api-common-2.31.0.jar;C:\Users\Danilka\.m2\repository\com\google\auth\google-auth-library-credentials\1.23.0\google-auth-library-credentials-1.23.0.jar;C:\Users\Danilka\IdeaProjects\Course_Work\lib\Java-WebSocket-1.5.6.jar;C:\Users\Danilka\.m2\repository\com\google\api\grpc\proto-google-cloud-firestore-v1\3.21.1\proto-google-cloud-firestore-v1-3.21.1.jar;C:\Users\Danilka\IdeaProjects\Course_Work\lib\jackson-mapper-asl-1.9.12.jar;C:\Users\Danilka\.m2\repository\com\fasterxml\jackson\core\jackson-annotations\2.14.2\jackson-annotations-2.14.2.jar;C:\Users\Danilka\.m2\repository\org\openjfx\javafx-controls\21\javafx-controls-21-win.jar;C:\Users\Danilka\.m2\repository\com\google\cloud\google-cloud-firestore\3.21.1\google-cloud-firestore-3.21.1.jar;C:\Users\Danilka\.m2\repository\com\google\cloud\google-cloud-core\2.38.0\google-cloud-core-2.38.0.jar;C:\Users\Danilka\.m2\repository\org\openjfx\javafx-graphics\21\javafx-graphics-21-win.jar;C:\Users\Danilka\.m2\repository\com\fasterxml\jackson\core\jackson-core\2.14.2\jackson-core-2.14.2.jar;C:\Users\Danilka\.m2\repository\org\openjfx\javafx-base\21\javafx-base-21-win.jar;C:\Users\Danilka\.m2\repository\com\google\auth\google-auth-library-oauth2-http\1.23.0\google-auth-library-oauth2-http-1.23.0.jar;C:\Users\Danilka\.m2\repository\com\fasterxml\jackson\core\jackson-databind\2.14.2\jackson-databind-2.14.2.jar;C:\Users\Danilka\.m2\repository\com\google\firebase\firebase-admin\9.3.0\firebase-admin-9.3.-Djdk.module.main=com.example.course_work com.example.course_work/com.example.course_work.HelloApplication

Host: AMD Ryzen 5 4500U with Radeon Graphics         , 6 cores, 7G,  Windows 10 , 64 bit Build 19041 (10.0.19041.4717)
Time: Sun Sep  1 08:40:08 2024  Windows 10 , 64 bit Build 19041 (10.0.19041.4717) elapsed time: 0.747022 seconds (0d 0h 0m 0s)

---------------  T H R E A D  ---------------

Current thread (0x000002c6f88d14d0):  JavaThread "C1 CompilerThread0" daemon [_thread_in_vm, id=14984, stack(0x000000f66d600000,0x000000f66d700000) (1024K)]


Current CompileTask:
C1:747 1317       3       java.lang.invoke.InvokerBytecodeGenerator::emitReferenceCast (188 bytes)

Stack: [0x000000f66d600000,0x000000f66d700000],  sp=0x000000f66d6fe0b8,  free space=1016k
Native frames: (J=compiled Java code, j=interpreted, Vv=VM code, C=native code)
V  [jvm.dll+0x6b4430]  (no source info available)


siginfo: EXCEPTION_ACCESS_VIOLATION (0xc0000005), writing address 0x0000000000000004


Registers:
RAX=0x0000000004000754, RBX=0x0000000000000754, RCX=0x0000000000000000, RDX=0x0000000004000754
RSP=0x000000f66d6fe0b8, RBP=0x0000000000000000, RSI=0x000002c680228a10, RDI=0x0000000000000000
R8 =0x0000000000000004, R9 =0x0000000000000018, R10=0x000002c680228b9e, R11=0x000000f66d6fe1a8
R12=0x00007ffb025ece78, R13=0x0000000000000074, R14=0x000002c6d50cc388, R15=0x000000000000f800
RIP=0x00007ffb02264430, EFLAGS=0x0000000000010202


Register to memory mapping:

RAX=0x0000000004000754 is an unknown value
RBX=0x0000000000000754 is an unknown value
RCX=0x0 is null
RDX=0x0000000004000754 is an unknown value
RSP=0x000000f66d6fe0b8 is pointing into the stack for thread: 0x000002c6f88d14d0
RBP=0x0 is null
RSI=0x000002c680228a10 is at entry_point+-720 in (nmethod*)0x000002c680228a10
Compiled method (c1) 800 1317       3       java.lang.invoke.InvokerBytecodeGenerator::emitReferenceCast (188 bytes)
 total in heap  [0x000002c680228a10,0x000002c680229c60] = 4688
 relocation     [0x000002c680228b68,0x000002c680228cc8] = 352
 main code      [0x000002c680228ce0,0x000002c680229840] = 2912
 stub code      [0x000002c680229840,0x000002c680229940] = 256
 metadata       [0x000002c680229940,0x000002c680229968] = 40
 scopes data    [0x000002c680229968,0x000002c680229a68] = 256
 scopes pcs     [0x000002c680229a68,0x000002c680229c08] = 416
 dependencies   [0x000002c680229c08,0x000002c680229c18] = 16
 nul chk table  [0x000002c680229c18,0x000002c680229c60] = 72
RDI=0x0 is null
R8 =0x0000000000000004 is an unknown value
R9 =0x0000000000000018 is an unknown value
R10=0x000002c680228b9e is at entry_point+-322 in (nmethod*)0x000002c680228a10
Compiled method (c1) 804 1317       3       java.lang.invoke.InvokerBytecodeGenerator::emitReferenceCast (188 bytes)
 total in heap  [0x000002c680228a10,0x000002c680229c60] = 4688
 relocation     [0x000002c680228b68,0x000002c680228cc8] = 352
 main code      [0x000002c680228ce0,0x000002c680229840] = 2912
 stub code      [0x000002c680229840,0x000002c680229940] = 256
 metadata       [0x000002c680229940,0x000002c680229968] = 40
 scopes data    [0x000002c680229968,0x000002c680229a68] = 256
 scopes pcs     [0x000002c680229a68,0x000002c680229c08] = 416
 dependencies   [0x000002c680229c08,0x000002c680229c18] = 16
 nul chk table  [0x000002c680229c18,0x000002c680229c60] = 72
R11=0x000000f66d6fe1a8 is pointing into the stack for thread: 0x000002c6f88d14d0
R12=0x00007ffb025ece78 jvm.dll
R13=0x0000000000000074 is an unknown value
R14=0x000002c6d50cc388 points into unknown readable memory: 0x000002c6f88dd6a0 | a0 d6 8d f8 c6 02 00 00
R15=0x000000000000f800 is an unknown value

Top of Stack: (sp=0x000000f66d6fe0b8)
0x000000f66d6fe0b8:   00007ffb02266d28 000002c680228a10
0x000000f66d6fe0c8:   0000000000000000 000002c680228a10
0x000000f66d6fe0d8:   000002c6f88d1c58 0000000000000000
0x000000f66d6fe0e8:   000002c680228ba0 000002c680228cc8
0x000000f66d6fe0f8:   000002c680228a10 000002c680229164
0x000000f66d6fe108:   000000000000000a 000000f66d6fe108
0x000000f66d6fe118:   000002c680220000 000002c680228ce0
0x000000f66d6fe128:   000002c680228ce0 000002c680229840
0x000000f66d6fe138:   000002c680228ce0 000002c680229840
0x000000f66d6fe148:   000002c680229940 00007ffb025ece78
0x000000f66d6fe158:   000000f66d6fe0e0 0000000000000010
0x000000f66d6fe168:   0000db69745d7981 000002c680228a10
0x000000f66d6fe178:   0000db69745d79f1 000000f66d6fe800
0x000000f66d6fe188:   000000f66d6fe7e0 0000000000000000
0x000000f66d6fe198:   0000000000000000 0000000000000000
0x000000f66d6fe1a8:   00007ffb02265ac2 000002c680228a10
0x000000f66d6fe1b8:   000002c680228a10 000002c6f88d1c58
0x000000f66d6fe1c8:   ffffffffffffffff 0000000000001250
0x000000f66d6fe1d8:   00007ffb00000158 000000f66d6fe800
0x000000f66d6fe1e8:   000000000000003f 0000000000000014
0x000000f66d6fe1f8:   000002c6d42f6148 0000000000000000
0x000000f66d6fe208:   00007ffb01ddf501 000002c6d43e6630
0x000000f66d6fe218:   0000000000000003 000002c6f88d14d0
0x000000f66d6fe228:   000002c6d43e6630 0000000000001250
0x000000f66d6fe238:   00007ffb02268d9b 00007ffb0281ca80
0x000000f66d6fe248:   000000f66d6fe4f0 0000000000000000
0x000000f66d6fe258:   0000000000001250 0000db6900000525
0x000000f66d6fe268:   000002c6ffffffff 000002c6f88aea70
0x000000f66d6fe278:   00007ffb00000088 000002c6f88d1cb8
0x000000f66d6fe288:   000002c6d42f61a0 000000f66d6fe800
0x000000f66d6fe298:   00007ffb00000014 000002c6d42f6148
0x000000f66d6fe2a8:   000000f66d6fe7a8 000000f66d6fe7c0 

Instructions: (pc=0x00007ffb02264430)
0x00007ffb02264330:   0f b6 11 4c 8b c1 80 fa c5 75 06 b8 02 00 00 00
0x00007ffb02264340:   c3 80 fa c4 75 06 b8 03 00 00 00 c3 80 fa 62 75
0x00007ffb02264350:   06 b8 04 00 00 00 c3 8d 42 c0 3c 0f 77 04 0f b6
0x00007ffb02264360:   51 01 33 c9 3c 0f 0f 96 c1 80 fa 33 75 0a 8d 41
0x00007ffb02264370:   02 42 0f b6 14 00 8b c8 80 fa 66 75 07 ff c1 42
0x00007ffb02264380:   0f b6 14 01 8d 42 0e 3c 01 77 07 ff c1 42 0f b6
0x00007ffb02264390:   14 01 8d 42 c0 3c 0f 77 07 ff c1 42 0f b6 14 01
0x00007ffb022643a0:   80 fa 0f 8d 41 01 0f 45 c1 c3 cc cc cc cc cc cc
0x00007ffb022643b0:   fe c1 f6 c1 03 0f 94 c0 c3 cc cc cc cc cc cc cc
0x00007ffb022643c0:   0f b6 01 4c 8b c1 3c e9 74 1c 3c 0f 74 18 33 d2
0x00007ffb022643d0:   3c 0f 0f 94 c2 ff c2 4a 0f be 04 02 8d 4a 01 48
0x00007ffb022643e0:   03 c1 49 03 c0 c3 33 d2 3c 0f 0f 94 c2 ff c2 8b
0x00007ffb022643f0:   c2 83 c0 04 48 63 0c 0a 49 03 c8 48 03 c1 c3 cc
0x00007ffb02264400:   48 83 ec 28 c7 44 24 30 0f ff 00 a9 ba 08 00 00
0x00007ffb02264410:   00 8b 44 24 30 89 01 e8 c4 32 d0 ff 48 83 c4 28
0x00007ffb02264420:   c3 cc cc cc cc cc cc cc cc cc cc cc cc cc cc cc
0x00007ffb02264430:   89 51 04 c3 cc cc cc cc cc cc cc cc cc cc cc cc
0x00007ffb02264440:   48 89 5c 24 08 57 48 83 ec 20 48 8b f9 e8 de fe
0x00007ffb02264450:   ff ff 33 db 48 63 d0 48 8b cf 44 0f b6 44 3a 01
0x00007ffb02264460:   41 80 e0 07 41 80 f8 04 0f 94 c3 83 c3 02 e8 bd
0x00007ffb02264470:   fe ff ff 03 c3 48 8b 5c 24 30 48 83 c4 20 5f c3
0x00007ffb02264480:   48 83 ec 28 48 8b 02 4c 2b c2 49 83 e8 05 48 89
0x00007ffb02264490:   44 24 38 49 63 c0 4c 8b ca 4c 3b c0 75 23 44 89
0x00007ffb022644a0:   44 24 39 49 8b c9 c6 44 24 38 e9 48 8b 44 24 38
0x00007ffb022644b0:   48 89 02 ba 08 00 00 00 48 83 c4 28 e9 1f 32 d0
0x00007ffb022644c0:   ff 4c 8d 0d 00 98 36 00 ba 0a 02 00 00 4c 8d 05
0x00007ffb022644d0:   dc 2e 39 00 48 8d 0d 4d 2e 39 00 e8 d0 b6 bc ff
0x00007ffb022644e0:   cc cc cc cc cc cc cc cc cc cc cc cc cc cc cc cc
0x00007ffb022644f0:   48 89 5c 24 10 57 48 83 ec 20 c7 44 24 30 eb fe
0x00007ffb02264500:   eb fe 48 8b da 8b 44 24 30 48 8b f9 89 01 e8 7d
0x00007ffb02264510:   32 d0 ff 0f b6 43 04 48 8d 4f 04 88 01 e8 6e 32
0x00007ffb02264520:   d0 ff 8b 03 48 8b cf 89 07 48 8b 5c 24 38 48 83 


Stack slot to memory mapping:

stack at sp + 0 slots: 0x00007ffb02266d28 jvm.dll
stack at sp + 1 slots: 0x000002c680228a10 is at entry_point+-720 in (nmethod*)0x000002c680228a10
Compiled method (c1) 814 1317       3       java.lang.invoke.InvokerBytecodeGenerator::emitReferenceCast (188 bytes)
 total in heap  [0x000002c680228a10,0x000002c680229c60] = 4688
 relocation     [0x000002c680228b68,0x000002c680228cc8] = 352
 main code      [0x000002c680228ce0,0x000002c680229840] = 2912
 stub code      [0x000002c680229840,0x000002c680229940] = 256
 metadata       [0x000002c680229940,0x000002c680229968] = 40
 scopes data    [0x000002c680229968,0x000002c680229a68] = 256
 scopes pcs     [0x000002c680229a68,0x000002c680229c08] = 416
 dependencies   [0x000002c680229c08,0x000002c680229c18] = 16
 nul chk table  [0x000002c680229c18,0x000002c680229c60] = 72
stack at sp + 2 slots: 0x0 is null
stack at sp + 3 slots: 0x000002c680228a10 is at entry_point+-720 in (nmethod*)0x000002c680228a10
Compiled method (c1) 815 1317       3       java.lang.invoke.InvokerBytecodeGenerator::emitReferenceCast (188 bytes)
 total in heap  [0x000002c680228a10,0x000002c680229c60] = 4688
 relocation     [0x000002c680228b68,0x000002c680228cc8] = 352
 main code      [0x000002c680228ce0,0x000002c680229840] = 2912
 stub code      [0x000002c680229840,0x000002c680229940] = 256
 metadata       [0x000002c680229940,0x000002c680229968] = 40
 scopes data    [0x000002c680229968,0x000002c680229a68] = 256
 scopes pcs     [0x000002c680229a68,0x000002c680229c08] = 416
 dependencies   [0x000002c680229c08,0x000002c680229c18] = 16
 nul chk table  [0x000002c680229c18,0x000002c680229c60] = 72
stack at sp + 4 slots: 0x000002c6f88d1c58 points into unknown readable memory: 0x00007ffb025fafa0 | a0 af 5f 02 fb 7f 00 00
stack at sp + 5 slots: 0x0 is null
stack at sp + 6 slots: 0x000002c680228ba0 is at entry_point+-320 in (nmethod*)0x000002c680228a10
Compiled method (c1) 817 1317       3       java.lang.invoke.InvokerBytecodeGenerator::emitReferenceCast (188 bytes)
 total in heap  [0x000002c680228a10,0x000002c680229c60] = 4688
 relocation     [0x000002c680228b68,0x000002c680228cc8] = 352
 main code      [0x000002c680228ce0,0x000002c680229840] = 2912
 stub code      [0x000002c680229840,0x000002c680229940] = 256
 metadata       [0x000002c680229940,0x000002c680229968] = 40
 scopes data    [0x000002c680229968,0x000002c680229a68] = 256
 scopes pcs     [0x000002c680229a68,0x000002c680229c08] = 416
 dependencies   [0x000002c680229c08,0x000002c680229c18] = 16
 nul chk table  [0x000002c680229c18,0x000002c680229c60] = 72
stack at sp + 7 slots: 0x000002c680228cc8 is at entry_point+-24 in (nmethod*)0x000002c680228a10
Compiled method (c1) 817 1317       3       java.lang.invoke.InvokerBytecodeGenerator::emitReferenceCast (188 bytes)
 total in heap  [0x000002c680228a10,0x000002c680229c60] = 4688
 relocation     [0x000002c680228b68,0x000002c680228cc8] = 352
 main code      [0x000002c680228ce0,0x000002c680229840] = 2912
 stub code      [0x000002c680229840,0x000002c680229940] = 256
 metadata       [0x000002c680229940,0x000002c680229968] = 40
 scopes data    [0x000002c680229968,0x000002c680229a68] = 256
 scopes pcs     [0x000002c680229a68,0x000002c680229c08] = 416
 dependencies   [0x000002c680229c08,0x000002c680229c18] = 16
 nul chk table  [0x000002c680229c18,0x000002c680229c60] = 72


---------------  P R O C E S S  ---------------

Threads class SMR info:
_java_thread_list=0x000002c6d42176a0, length=18, elements={
0x000002c6eb781d70, 0x000002c6f88c7370, 0x000002c6f88c8090, 0x000002c6f88ca120,
0x000002c6f88caf90, 0x000002c6f88cb9f0, 0x000002c6f88cc450, 0x000002c6f88ce200,
0x000002c6f88d14d0, 0x000002c6d42183f0, 0x000002c6d4313cb0, 0x000002c6d4935570,
0x000002c6d432a0e0, 0x000002c6d5041a50, 0x000002c6d50d3550, 0x000002c6d50d9b80,
0x000002c6d52a2180, 0x000002c6d52cf5a0
}

Java Threads: ( => current thread )
  0x000002c6eb781d70 JavaThread "main"                              [_thread_blocked, id=15752, stack(0x000000f66c700000,0x000000f66c800000) (1024K)]
  0x000002c6f88c7370 JavaThread "Reference Handler"          daemon [_thread_blocked, id=10820, stack(0x000000f66cf00000,0x000000f66d000000) (1024K)]
  0x000002c6f88c8090 JavaThread "Finalizer"                  daemon [_thread_blocked, id=8012, stack(0x000000f66d000000,0x000000f66d100000) (1024K)]
  0x000002c6f88ca120 JavaThread "Signal Dispatcher"          daemon [_thread_blocked, id=16376, stack(0x000000f66d100000,0x000000f66d200000) (1024K)]
  0x000002c6f88caf90 JavaThread "Attach Listener"            daemon [_thread_blocked, id=9424, stack(0x000000f66d200000,0x000000f66d300000) (1024K)]
  0x000002c6f88cb9f0 JavaThread "Service Thread"             daemon [_thread_blocked, id=7856, stack(0x000000f66d300000,0x000000f66d400000) (1024K)]
  0x000002c6f88cc450 JavaThread "Monitor Deflation Thread"   daemon [_thread_blocked, id=11584, stack(0x000000f66d400000,0x000000f66d500000) (1024K)]
  0x000002c6f88ce200 JavaThread "C2 CompilerThread0"         daemon [_thread_in_vm, id=13360, stack(0x000000f66d500000,0x000000f66d600000) (1024K)]
=>0x000002c6f88d14d0 JavaThread "C1 CompilerThread0"         daemon [_thread_in_vm, id=14984, stack(0x000000f66d600000,0x000000f66d700000) (1024K)]
  0x000002c6d42183f0 JavaThread "Common-Cleaner"             daemon [_thread_blocked, id=13724, stack(0x000000f66d700000,0x000000f66d800000) (1024K)]
  0x000002c6d4313cb0 JavaThread "C2 CompilerThread1"         daemon [_thread_in_vm, id=7508, stack(0x000000f66d800000,0x000000f66d900000) (1024K)]
  0x000002c6d4935570 JavaThread "Monitor Ctrl-Break"         daemon [_thread_in_native, id=9964, stack(0x000000f66d900000,0x000000f66da00000) (1024K)]
  0x000002c6d432a0e0 JavaThread "Notification Thread"        daemon [_thread_blocked, id=13960, stack(0x000000f66da00000,0x000000f66db00000) (1024K)]
  0x000002c6d5041a50 JavaThread "QuantumRenderer-0"          daemon [_thread_blocked, id=8472, stack(0x000000f66df00000,0x000000f66e000000) (1024K)]
  0x000002c6d50d3550 JavaThread "InvokeLaterDispatcher"      daemon [_thread_blocked, id=11320, stack(0x000000f66e200000,0x000000f66e300000) (1024K)]
  0x000002c6d50d9b80 JavaThread "JavaFX Application Thread"         [_thread_blocked, id=8580, stack(0x000000f66e300000,0x000000f66e400000) (1024K)]
  0x000002c6d52a2180 JavaThread "JavaFX-Launcher"                   [_thread_blocked, id=2444, stack(0x000000f66ed00000,0x000000f66ee00000) (1024K)]
  0x000002c6d52cf5a0 JavaThread "Thread-2"                   daemon [_thread_in_native, id=11488, stack(0x000000f66ec00000,0x000000f66ed00000) (1024K)]
Total: 18

Other Threads:
  0x000002c6f88b1180 VMThread "VM Thread"                           [id=13896, stack(0x000000f66ce00000,0x000000f66cf00000) (1024K)]
  0x000002c6f8895990 WatcherThread "VM Periodic Task Thread"        [id=13636, stack(0x000000f66cd00000,0x000000f66ce00000) (1024K)]
  0x000002c6eb7d3e00 WorkerThread "GC Thread#0"                     [id=6544, stack(0x000000f66c800000,0x000000f66c900000) (1024K)]
  0x000002c6d500eab0 WorkerThread "GC Thread#1"                     [id=10416, stack(0x000000f66db00000,0x000000f66dc00000) (1024K)]
  0x000002c6d5025b00 WorkerThread "GC Thread#2"                     [id=12516, stack(0x000000f66dc00000,0x000000f66dd00000) (1024K)]
  0x000002c6d50262c0 WorkerThread "GC Thread#3"                     [id=9000, stack(0x000000f66dd00000,0x000000f66de00000) (1024K)]
  0x000002c6d5026e80 WorkerThread "GC Thread#4"                     [id=14500, stack(0x000000f66de00000,0x000000f66df00000) (1024K)]
  0x000002c6eb8006b0 ConcurrentGCThread "G1 Main Marker"            [id=10356, stack(0x000000f66c900000,0x000000f66ca00000) (1024K)]
  0x000002c6eb8023e0 WorkerThread "G1 Conc#0"                       [id=7700, stack(0x000000f66ca00000,0x000000f66cb00000) (1024K)]
  0x000002c6f87699f0 ConcurrentGCThread "G1 Refine#0"               [id=15504, stack(0x000000f66cb00000,0x000000f66cc00000) (1024K)]
  0x000002c6f876a380 ConcurrentGCThread "G1 Service"                [id=14096, stack(0x000000f66cc00000,0x000000f66cd00000) (1024K)]
Total: 11

Threads with active compile tasks:
C2 CompilerThread0  818 1306       4       jdk.internal.org.objectweb.asm.SymbolTable::addConstantUtf8 (98 bytes)
C1 CompilerThread0  818 1317       3       java.lang.invoke.InvokerBytecodeGenerator::emitReferenceCast (188 bytes)
C2 CompilerThread1  818 1292 %     4       java.util.HashMap::resize @ 151 (356 bytes)
Total: 3

VM state: not at safepoint (normal execution)

VM Mutex/Monitor currently owned by a thread:  ([mutex/lock_event])
[0x00007ffb0281b700] MethodCompileQueue_lock - owner thread: 0x000002c6f88d14d0
[0x00007ffb0281ca80] CodeCache_lock - owner thread: 0x000002c6f88d14d0
[0x00007ffb0281cc00] Compile_lock - owner thread: 0x000002c6f88d14d0

Heap address: 0x000000008a000000, size: 1888 MB, Compressed Oops mode: 32-bit

CDS archive(s) mapped at: [0x000002c68f000000-0x000002c68fc60000-0x000002c68fc60000), size 12976128, SharedBaseAddress: 0x000002c68f000000, ArchiveRelocationMode: 1.
Compressed class space mapped at: 0x000002c690000000-0x000002c6d0000000, reserved size: 1073741824
Narrow klass base: 0x000002c68f000000, Narrow klass shift: 0, Narrow klass range: 0x41000000

GC Precious Log:
 CardTable entry size: 512
 Card Set container configuration: InlinePtr #cards 5 size 8 Array Of Cards #cards 12 size 40 Howl #buckets 4 coarsen threshold 1843 Howl Bitmap #cards 512 size 80 coarsen threshold 460 Card regions per heap region 1 cards per card region 2048
 CPUs: 6 total, 6 available
 Memory: 7549M
 Large Page Support: Disabled
 NUMA Support: Disabled
 Compressed Oops: Enabled (32-bit)
 Heap Region Size: 1M
 Heap Min Capacity: 8M
 Heap Initial Capacity: 118M
 Heap Max Capacity: 1888M
 Pre-touch: Disabled
 Parallel Workers: 6
 Concurrent Workers: 2
 Concurrent Refinement Workers: 6
 Periodic GC: Disabled

Heap:
 garbage-first heap   total reserved 1933312K, committed 120832K, used 22528K [0x000000008a000000, 0x0000000100000000)
  region size 1024K, 22 young (22528K), 3 survivors (3072K)
 Metaspace       used 8248K, committed 8512K, reserved 1114112K
  class space    used 1055K, committed 1216K, reserved 1048576K

Heap Regions: E=young(eden), S=young(survivor), O=old, HS=humongous(starts), HC=humongous(continues), CS=collection set, F=free, TAMS=top-at-mark-start, PB=parsable bottom
|   0|0x000000008a000000, 0x000000008a100000, 0x000000008a100000|100%|HS|  |TAMS 0x000000008a000000| PB 0x000000008a000000| Complete |  0
|   1|0x000000008a100000, 0x000000008a200000, 0x000000008a200000|100%| O|  |TAMS 0x000000008a100000| PB 0x000000008a100000| Untracked |  0
|   2|0x000000008a200000, 0x000000008a200000, 0x000000008a300000|  0%| F|  |TAMS 0x000000008a200000| PB 0x000000008a200000| Untracked |  0
|   3|0x000000008a300000, 0x000000008a300000, 0x000000008a400000|  0%| F|  |TAMS 0x000000008a300000| PB 0x000000008a300000| Untracked |  0
|   4|0x000000008a400000, 0x000000008a400000, 0x000000008a500000|  0%| F|  |TAMS 0x000000008a400000| PB 0x000000008a400000| Untracked |  0
|   5|0x000000008a500000, 0x000000008a500000, 0x000000008a600000|  0%| F|  |TAMS 0x000000008a500000| PB 0x000000008a500000| Untracked |  0
|   6|0x000000008a600000, 0x000000008a600000, 0x000000008a700000|  0%| F|  |TAMS 0x000000008a600000| PB 0x000000008a600000| Untracked |  0
|   7|0x000000008a700000, 0x000000008a700000, 0x000000008a800000|  0%| F|  |TAMS 0x000000008a700000| PB 0x000000008a700000| Untracked |  0
|   8|0x000000008a800000, 0x000000008a800000, 0x000000008a900000|  0%| F|  |TAMS 0x000000008a800000| PB 0x000000008a800000| Untracked |  0
|   9|0x000000008a900000, 0x000000008a900000, 0x000000008aa00000|  0%| F|  |TAMS 0x000000008a900000| PB 0x000000008a900000| Untracked |  0
|  10|0x000000008aa00000, 0x000000008aa00000, 0x000000008ab00000|  0%| F|  |TAMS 0x000000008aa00000| PB 0x000000008aa00000| Untracked |  0
|  11|0x000000008ab00000, 0x000000008ab00000, 0x000000008ac00000|  0%| F|  |TAMS 0x000000008ab00000| PB 0x000000008ab00000| Untracked |  0
|  12|0x000000008ac00000, 0x000000008ac00000, 0x000000008ad00000|  0%| F|  |TAMS 0x000000008ac00000| PB 0x000000008ac00000| Untracked |  0
|  13|0x000000008ad00000, 0x000000008ad00000, 0x000000008ae00000|  0%| F|  |TAMS 0x000000008ad00000| PB 0x000000008ad00000| Untracked |  0
|  14|0x000000008ae00000, 0x000000008ae00000, 0x000000008af00000|  0%| F|  |TAMS 0x000000008ae00000| PB 0x000000008ae00000| Untracked |  0
|  15|0x000000008af00000, 0x000000008af00000, 0x000000008b000000|  0%| F|  |TAMS 0x000000008af00000| PB 0x000000008af00000| Untracked |  0
|  16|0x000000008b000000, 0x000000008b000000, 0x000000008b100000|  0%| F|  |TAMS 0x000000008b000000| PB 0x000000008b000000| Untracked |  0
|  17|0x000000008b100000, 0x000000008b100000, 0x000000008b200000|  0%| F|  |TAMS 0x000000008b100000| PB 0x000000008b100000| Untracked |  0
|  18|0x000000008b200000, 0x000000008b200000, 0x000000008b300000|  0%| F|  |TAMS 0x000000008b200000| PB 0x000000008b200000| Untracked |  0
|  19|0x000000008b300000, 0x000000008b300000, 0x000000008b400000|  0%| F|  |TAMS 0x000000008b300000| PB 0x000000008b300000| Untracked |  0
|  20|0x000000008b400000, 0x000000008b400000, 0x000000008b500000|  0%| F|  |TAMS 0x000000008b400000| PB 0x000000008b400000| Untracked |  0
|  21|0x000000008b500000, 0x000000008b500000, 0x000000008b600000|  0%| F|  |TAMS 0x000000008b500000| PB 0x000000008b500000| Untracked |  0
|  22|0x000000008b600000, 0x000000008b600000, 0x000000008b700000|  0%| F|  |TAMS 0x000000008b600000| PB 0x000000008b600000| Untracked |  0
|  23|0x000000008b700000, 0x000000008b700000, 0x000000008b800000|  0%| F|  |TAMS 0x000000008b700000| PB 0x000000008b700000| Untracked |  0
|  24|0x000000008b800000, 0x000000008b800000, 0x000000008b900000|  0%| F|  |TAMS 0x000000008b800000| PB 0x000000008b800000| Untracked |  0
|  25|0x000000008b900000, 0x000000008b900000, 0x000000008ba00000|  0%| F|  |TAMS 0x000000008b900000| PB 0x000000008b900000| Untracked |  0
|  26|0x000000008ba00000, 0x000000008ba00000, 0x000000008bb00000|  0%| F|  |TAMS 0x000000008ba00000| PB 0x000000008ba00000| Untracked |  0
|  27|0x000000008bb00000, 0x000000008bb00000, 0x000000008bc00000|  0%| F|  |TAMS 0x000000008bb00000| PB 0x000000008bb00000| Untracked |  0
|  28|0x000000008bc00000, 0x000000008bc00000, 0x000000008bd00000|  0%| F|  |TAMS 0x000000008bc00000| PB 0x000000008bc00000| Untracked |  0
|  29|0x000000008bd00000, 0x000000008bd00000, 0x000000008be00000|  0%| F|  |TAMS 0x000000008bd00000| PB 0x000000008bd00000| Untracked |  0
|  30|0x000000008be00000, 0x000000008be00000, 0x000000008bf00000|  0%| F|  |TAMS 0x000000008be00000| PB 0x000000008be00000| Untracked |  0
|  31|0x000000008bf00000, 0x000000008bf00000, 0x000000008c000000|  0%| F|  |TAMS 0x000000008bf00000| PB 0x000000008bf00000| Untracked |  0
|  32|0x000000008c000000, 0x000000008c000000, 0x000000008c100000|  0%| F|  |TAMS 0x000000008c000000| PB 0x000000008c000000| Untracked |  0
|  33|0x000000008c100000, 0x000000008c100000, 0x000000008c200000|  0%| F|  |TAMS 0x000000008c100000| PB 0x000000008c100000| Untracked |  0
|  34|0x000000008c200000, 0x000000008c200000, 0x000000008c300000|  0%| F|  |TAMS 0x000000008c200000| PB 0x000000008c200000| Untracked |  0
|  35|0x000000008c300000, 0x000000008c300000, 0x000000008c400000|  0%| F|  |TAMS 0x000000008c300000| PB 0x000000008c300000| Untracked |  0
|  36|0x000000008c400000, 0x000000008c400000, 0x000000008c500000|  0%| F|  |TAMS 0x000000008c400000| PB 0x000000008c400000| Untracked |  0
|  37|0x000000008c500000, 0x000000008c500000, 0x000000008c600000|  0%| F|  |TAMS 0x000000008c500000| PB 0x000000008c500000| Untracked |  0
|  38|0x000000008c600000, 0x000000008c600000, 0x000000008c700000|  0%| F|  |TAMS 0x000000008c600000| PB 0x000000008c600000| Untracked |  0
|  39|0x000000008c700000, 0x000000008c700000, 0x000000008c800000|  0%| F|  |TAMS 0x000000008c700000| PB 0x000000008c700000| Untracked |  0
|  40|0x000000008c800000, 0x000000008c800000, 0x000000008c900000|  0%| F|  |TAMS 0x000000008c800000| PB 0x000000008c800000| Untracked |  0
|  41|0x000000008c900000, 0x000000008c900000, 0x000000008ca00000|  0%| F|  |TAMS 0x000000008c900000| PB 0x000000008c900000| Untracked |  0
|  42|0x000000008ca00000, 0x000000008ca00000, 0x000000008cb00000|  0%| F|  |TAMS 0x000000008ca00000| PB 0x000000008ca00000| Untracked |  0
|  43|0x000000008cb00000, 0x000000008cb00000, 0x000000008cc00000|  0%| F|  |TAMS 0x000000008cb00000| PB 0x000000008cb00000| Untracked |  0
|  44|0x000000008cc00000, 0x000000008cc00000, 0x000000008cd00000|  0%| F|  |TAMS 0x000000008cc00000| PB 0x000000008cc00000| Untracked |  0
|  45|0x000000008cd00000, 0x000000008cd00000, 0x000000008ce00000|  0%| F|  |TAMS 0x000000008cd00000| PB 0x000000008cd00000| Untracked |  0
|  46|0x000000008ce00000, 0x000000008ce00000, 0x000000008cf00000|  0%| F|  |TAMS 0x000000008ce00000| PB 0x000000008ce00000| Untracked |  0
|  47|0x000000008cf00000, 0x000000008cf00000, 0x000000008d000000|  0%| F|  |TAMS 0x000000008cf00000| PB 0x000000008cf00000| Untracked |  0
|  48|0x000000008d000000, 0x000000008d000000, 0x000000008d100000|  0%| F|  |TAMS 0x000000008d000000| PB 0x000000008d000000| Untracked |  0
|  49|0x000000008d100000, 0x000000008d100000, 0x000000008d200000|  0%| F|  |TAMS 0x000000008d100000| PB 0x000000008d100000| Untracked |  0
|  50|0x000000008d200000, 0x000000008d200000, 0x000000008d300000|  0%| F|  |TAMS 0x000000008d200000| PB 0x000000008d200000| Untracked |  0
|  51|0x000000008d300000, 0x000000008d300000, 0x000000008d400000|  0%| F|  |TAMS 0x000000008d300000| PB 0x000000008d300000| Untracked |  0
|  52|0x000000008d400000, 0x000000008d400000, 0x000000008d500000|  0%| F|  |TAMS 0x000000008d400000| PB 0x000000008d400000| Untracked |  0
|  53|0x000000008d500000, 0x000000008d500000, 0x000000008d600000|  0%| F|  |TAMS 0x000000008d500000| PB 0x000000008d500000| Untracked |  0
|  54|0x000000008d600000, 0x000000008d600000, 0x000000008d700000|  0%| F|  |TAMS 0x000000008d600000| PB 0x000000008d600000| Untracked |  0
|  55|0x000000008d700000, 0x000000008d700000, 0x000000008d800000|  0%| F|  |TAMS 0x000000008d700000| PB 0x000000008d700000| Untracked |  0
|  56|0x000000008d800000, 0x000000008d800000, 0x000000008d900000|  0%| F|  |TAMS 0x000000008d800000| PB 0x000000008d800000| Untracked |  0
|  57|0x000000008d900000, 0x000000008d900000, 0x000000008da00000|  0%| F|  |TAMS 0x000000008d900000| PB 0x000000008d900000| Untracked |  0
|  58|0x000000008da00000, 0x000000008da00000, 0x000000008db00000|  0%| F|  |TAMS 0x000000008da00000| PB 0x000000008da00000| Untracked |  0
|  59|0x000000008db00000, 0x000000008db00000, 0x000000008dc00000|  0%| F|  |TAMS 0x000000008db00000| PB 0x000000008db00000| Untracked |  0
|  60|0x000000008dc00000, 0x000000008dc00000, 0x000000008dd00000|  0%| F|  |TAMS 0x000000008dc00000| PB 0x000000008dc00000| Untracked |  0
|  61|0x000000008dd00000, 0x000000008dd00000, 0x000000008de00000|  0%| F|  |TAMS 0x000000008dd00000| PB 0x000000008dd00000| Untracked |  0
|  62|0x000000008de00000, 0x000000008de00000, 0x000000008df00000|  0%| F|  |TAMS 0x000000008de00000| PB 0x000000008de00000| Untracked |  0
|  63|0x000000008df00000, 0x000000008df00000, 0x000000008e000000|  0%| F|  |TAMS 0x000000008df00000| PB 0x000000008df00000| Untracked |  0
|  64|0x000000008e000000, 0x000000008e000000, 0x000000008e100000|  0%| F|  |TAMS 0x000000008e000000| PB 0x000000008e000000| Untracked |  0
|  65|0x000000008e100000, 0x000000008e100000, 0x000000008e200000|  0%| F|  |TAMS 0x000000008e100000| PB 0x000000008e100000| Untracked |  0
|  66|0x000000008e200000, 0x000000008e200000, 0x000000008e300000|  0%| F|  |TAMS 0x000000008e200000| PB 0x000000008e200000| Untracked |  0
|  67|0x000000008e300000, 0x000000008e300000, 0x000000008e400000|  0%| F|  |TAMS 0x000000008e300000| PB 0x000000008e300000| Untracked |  0
|  68|0x000000008e400000, 0x000000008e400000, 0x000000008e500000|  0%| F|  |TAMS 0x000000008e400000| PB 0x000000008e400000| Untracked |  0
|  69|0x000000008e500000, 0x000000008e500000, 0x000000008e600000|  0%| F|  |TAMS 0x000000008e500000| PB 0x000000008e500000| Untracked |  0
|  70|0x000000008e600000, 0x000000008e600000, 0x000000008e700000|  0%| F|  |TAMS 0x000000008e600000| PB 0x000000008e600000| Untracked |  0
|  71|0x000000008e700000, 0x000000008e700000, 0x000000008e800000|  0%| F|  |TAMS 0x000000008e700000| PB 0x000000008e700000| Untracked |  0
|  72|0x000000008e800000, 0x000000008e800000, 0x000000008e900000|  0%| F|  |TAMS 0x000000008e800000| PB 0x000000008e800000| Untracked |  0
|  73|0x000000008e900000, 0x000000008e900000, 0x000000008ea00000|  0%| F|  |TAMS 0x000000008e900000| PB 0x000000008e900000| Untracked |  0
|  74|0x000000008ea00000, 0x000000008ea00000, 0x000000008eb00000|  0%| F|  |TAMS 0x000000008ea00000| PB 0x000000008ea00000| Untracked |  0
|  75|0x000000008eb00000, 0x000000008eb00000, 0x000000008ec00000|  0%| F|  |TAMS 0x000000008eb00000| PB 0x000000008eb00000| Untracked |  0
|  76|0x000000008ec00000, 0x000000008ec00000, 0x000000008ed00000|  0%| F|  |TAMS 0x000000008ec00000| PB 0x000000008ec00000| Untracked |  0
|  77|0x000000008ed00000, 0x000000008ed00000, 0x000000008ee00000|  0%| F|  |TAMS 0x000000008ed00000| PB 0x000000008ed00000| Untracked |  0
|  78|0x000000008ee00000, 0x000000008ee00000, 0x000000008ef00000|  0%| F|  |TAMS 0x000000008ee00000| PB 0x000000008ee00000| Untracked |  0
|  79|0x000000008ef00000, 0x000000008ef00000, 0x000000008f000000|  0%| F|  |TAMS 0x000000008ef00000| PB 0x000000008ef00000| Untracked |  0
|  80|0x000000008f000000, 0x000000008f000000, 0x000000008f100000|  0%| F|  |TAMS 0x000000008f000000| PB 0x000000008f000000| Untracked |  0
|  81|0x000000008f100000, 0x000000008f100000, 0x000000008f200000|  0%| F|  |TAMS 0x000000008f100000| PB 0x000000008f100000| Untracked |  0
|  82|0x000000008f200000, 0x000000008f200000, 0x000000008f300000|  0%| F|  |TAMS 0x000000008f200000| PB 0x000000008f200000| Untracked |  0
|  83|0x000000008f300000, 0x000000008f300000, 0x000000008f400000|  0%| F|  |TAMS 0x000000008f300000| PB 0x000000008f300000| Untracked |  0
|  84|0x000000008f400000, 0x000000008f400000, 0x000000008f500000|  0%| F|  |TAMS 0x000000008f400000| PB 0x000000008f400000| Untracked |  0
|  85|0x000000008f500000, 0x000000008f500000, 0x000000008f600000|  0%| F|  |TAMS 0x000000008f500000| PB 0x000000008f500000| Untracked |  0
|  86|0x000000008f600000, 0x000000008f600000, 0x000000008f700000|  0%| F|  |TAMS 0x000000008f600000| PB 0x000000008f600000| Untracked |  0
|  87|0x000000008f700000, 0x000000008f700000, 0x000000008f800000|  0%| F|  |TAMS 0x000000008f700000| PB 0x000000008f700000| Untracked |  0
|  88|0x000000008f800000, 0x000000008f800000, 0x000000008f900000|  0%| F|  |TAMS 0x000000008f800000| PB 0x000000008f800000| Untracked |  0
|  89|0x000000008f900000, 0x000000008f900000, 0x000000008fa00000|  0%| F|  |TAMS 0x000000008f900000| PB 0x000000008f900000| Untracked |  0
|  90|0x000000008fa00000, 0x000000008fa00000, 0x000000008fb00000|  0%| F|  |TAMS 0x000000008fa00000| PB 0x000000008fa00000| Untracked |  0
|  91|0x000000008fb00000, 0x000000008fb00000, 0x000000008fc00000|  0%| F|  |TAMS 0x000000008fb00000| PB 0x000000008fb00000| Untracked |  0
|  92|0x000000008fc00000, 0x000000008fc00000, 0x000000008fd00000|  0%| F|  |TAMS 0x000000008fc00000| PB 0x000000008fc00000| Untracked |  0
|  93|0x000000008fd00000, 0x000000008fe00000, 0x000000008fe00000|100%| S|CS|TAMS 0x000000008fd00000| PB 0x000000008fd00000| Complete |  0
|  94|0x000000008fe00000, 0x000000008ff00000, 0x000000008ff00000|100%| S|CS|TAMS 0x000000008fe00000| PB 0x000000008fe00000| Complete |  0
|  95|0x000000008ff00000, 0x0000000090000000, 0x0000000090000000|100%| S|CS|TAMS 0x000000008ff00000| PB 0x000000008ff00000| Complete |  0
|  96|0x0000000090000000, 0x0000000090000000, 0x0000000090100000|  0%| F|  |TAMS 0x0000000090000000| PB 0x0000000090000000| Untracked |  0
|  97|0x0000000090100000, 0x0000000090100000, 0x0000000090200000|  0%| F|  |TAMS 0x0000000090100000| PB 0x0000000090100000| Untracked |  0
|  98|0x0000000090200000, 0x0000000090200000, 0x0000000090300000|  0%| F|  |TAMS 0x0000000090200000| PB 0x0000000090200000| Untracked |  0
|  99|0x0000000090300000, 0x0000000090327b18, 0x0000000090400000| 15%| E|  |TAMS 0x0000000090300000| PB 0x0000000090300000| Complete |  0
| 100|0x0000000090400000, 0x0000000090500000, 0x0000000090500000|100%| E|CS|TAMS 0x0000000090400000| PB 0x0000000090400000| Complete |  0
| 101|0x0000000090500000, 0x0000000090600000, 0x0000000090600000|100%| E|CS|TAMS 0x0000000090500000| PB 0x0000000090500000| Complete |  0
| 102|0x0000000090600000, 0x0000000090700000, 0x0000000090700000|100%| E|CS|TAMS 0x0000000090600000| PB 0x0000000090600000| Complete |  0
| 103|0x0000000090700000, 0x0000000090800000, 0x0000000090800000|100%| E|CS|TAMS 0x0000000090700000| PB 0x0000000090700000| Complete |  0
| 104|0x0000000090800000, 0x0000000090900000, 0x0000000090900000|100%| E|CS|TAMS 0x0000000090800000| PB 0x0000000090800000| Complete |  0
| 105|0x0000000090900000, 0x0000000090a00000, 0x0000000090a00000|100%| E|CS|TAMS 0x0000000090900000| PB 0x0000000090900000| Complete |  0
| 106|0x0000000090a00000, 0x0000000090b00000, 0x0000000090b00000|100%| E|CS|TAMS 0x0000000090a00000| PB 0x0000000090a00000| Complete |  0
| 107|0x0000000090b00000, 0x0000000090c00000, 0x0000000090c00000|100%| E|CS|TAMS 0x0000000090b00000| PB 0x0000000090b00000| Complete |  0
| 108|0x0000000090c00000, 0x0000000090d00000, 0x0000000090d00000|100%| E|CS|TAMS 0x0000000090c00000| PB 0x0000000090c00000| Complete |  0
| 109|0x0000000090d00000, 0x0000000090e00000, 0x0000000090e00000|100%| E|  |TAMS 0x0000000090d00000| PB 0x0000000090d00000| Complete |  0
| 110|0x0000000090e00000, 0x0000000090f00000, 0x0000000090f00000|100%| E|CS|TAMS 0x0000000090e00000| PB 0x0000000090e00000| Complete |  0
| 111|0x0000000090f00000, 0x0000000091000000, 0x0000000091000000|100%| E|CS|TAMS 0x0000000090f00000| PB 0x0000000090f00000| Complete |  0
| 112|0x0000000091000000, 0x0000000091100000, 0x0000000091100000|100%| E|CS|TAMS 0x0000000091000000| PB 0x0000000091000000| Complete |  0
| 113|0x0000000091100000, 0x0000000091200000, 0x0000000091200000|100%| E|CS|TAMS 0x0000000091100000| PB 0x0000000091100000| Complete |  0
| 114|0x0000000091200000, 0x0000000091300000, 0x0000000091300000|100%| E|CS|TAMS 0x0000000091200000| PB 0x0000000091200000| Complete |  0
| 115|0x0000000091300000, 0x0000000091400000, 0x0000000091400000|100%| E|CS|TAMS 0x0000000091300000| PB 0x0000000091300000| Complete |  0
| 116|0x0000000091400000, 0x0000000091500000, 0x0000000091500000|100%| E|CS|TAMS 0x0000000091400000| PB 0x0000000091400000| Complete |  0
| 117|0x0000000091500000, 0x0000000091600000, 0x0000000091600000|100%| E|CS|TAMS 0x0000000091500000| PB 0x0000000091500000| Complete |  0

Card table byte_map: [0x000002c6f3f80000,0x000002c6f4330000] _byte_map_base: 0x000002c6f3b30000

Marking Bits: (CMBitMap*) 0x000002c6eb7d4510
 Bits: [0x000002c6f4330000, 0x000002c6f60b0000)

Polling page: 0x000002c6e9720000

Metaspace:

Usage:
  Non-class:      7.02 MB used.
      Class:      1.03 MB used.
       Both:      8.05 MB used.

Virtual space:
  Non-class space:       64.00 MB reserved,       7.12 MB ( 11%) committed,  1 nodes.
      Class space:        1.00 GB reserved,       1.19 MB ( <1%) committed,  1 nodes.
             Both:        1.06 GB reserved,       8.31 MB ( <1%) committed. 

Chunk freelists:
   Non-Class:  8.53 MB
       Class:  14.87 MB
        Both:  23.40 MB

MaxMetaspaceSize: unlimited
CompressedClassSpaceSize: 1.00 GB
Initial GC threshold: 21.00 MB
Current GC threshold: 21.00 MB
CDS: on
 - commit_granule_bytes: 65536.
 - commit_granule_words: 8192.
 - virtual_space_node_default_size: 8388608.
 - enlarge_chunks_in_place: 1.
 - use_allocation_guard: 0.


Internal statistics:

num_allocs_failed_limit: 0.
num_arena_births: 190.
num_arena_deaths: 0.
num_vsnodes_births: 2.
num_vsnodes_deaths: 0.
num_space_committed: 133.
num_space_uncommitted: 0.
num_chunks_returned_to_freelist: 0.
num_chunks_taken_from_freelist: 374.
num_chunk_merges: 0.
num_chunk_splits: 261.
num_chunks_enlarged: 185.
num_inconsistent_stats: 0.

CodeHeap 'non-profiled nmethods': size=120000Kb used=452Kb max_used=452Kb free=119547Kb
 bounds [0x000002c687ad0000, 0x000002c687d40000, 0x000002c68f000000]
CodeHeap 'profiled nmethods': size=120000Kb used=2215Kb max_used=2215Kb free=117784Kb
 bounds [0x000002c680000000, 0x000002c680270000, 0x000002c687530000]
CodeHeap 'non-nmethods': size=5760Kb used=1521Kb max_used=1521Kb free=4238Kb
 bounds [0x000002c687530000, 0x000002c6877a0000, 0x000002c687ad0000]
 total_blobs=1908 nmethods=1314 adapters=499
 compilation: enabled
              stopped_count=0, restarted_count=0
 full_count=0

Compilation events (20 events):
Event: 0.726 Thread 0x000002c6f88d14d0 1304       3       java.lang.ref.SoftReference::<init> (13 bytes)
Event: 0.727 Thread 0x000002c6f88d14d0 nmethod 1304 0x000002c680223790 code [0x000002c680223940, 0x000002c680223c60]
Event: 0.727 Thread 0x000002c6f88d14d0 1305       3       java.lang.invoke.InvokerBytecodeGenerator::storeInsnOpcode (98 bytes)
Event: 0.727 Thread 0x000002c6f88ce200 1306       4       jdk.internal.org.objectweb.asm.SymbolTable::addConstantUtf8 (98 bytes)
Event: 0.727 Thread 0x000002c6f88d14d0 nmethod 1305 0x000002c680223d90 code [0x000002c680224000, 0x000002c680224998]
Event: 0.727 Thread 0x000002c6f88d14d0 1308       3       jdk.internal.org.objectweb.asm.MethodWriter::visitAnnotation (40 bytes)
Event: 0.728 Thread 0x000002c6f88d14d0 nmethod 1308 0x000002c680224c90 code [0x000002c680224e60, 0x000002c680225108]
Event: 0.728 Thread 0x000002c6f88d14d0 1309       3       jdk.internal.org.objectweb.asm.AnnotationWriter::<init> (60 bytes)
Event: 0.728 Thread 0x000002c6f88d14d0 nmethod 1309 0x000002c680225210 code [0x000002c6802253e0, 0x000002c6802257c8]
Event: 0.728 Thread 0x000002c6f88d14d0 1310       3       java.lang.invoke.MethodHandle::intrinsicName (4 bytes)
Event: 0.728 Thread 0x000002c6f88d14d0 nmethod 1310 0x000002c680225910 code [0x000002c680225aa0, 0x000002c680225bb8]
Event: 0.728 Thread 0x000002c6f88d14d0 1311       3       jdk.internal.org.objectweb.asm.AnnotationWriter::visitEnd (44 bytes)
Event: 0.728 Thread 0x000002c6f88d14d0 nmethod 1311 0x000002c680225c90 code [0x000002c680225e20, 0x000002c680225fc0]
Event: 0.728 Thread 0x000002c6f88d14d0 1312       3       sun.invoke.util.Wrapper::isDoubleWord (15 bytes)
Event: 0.728 Thread 0x000002c6f88d14d0 nmethod 1312 0x000002c680226110 code [0x000002c6802262a0, 0x000002c680226408]
Event: 0.729 Thread 0x000002c6f88d14d0 1315       3       jdk.internal.org.objectweb.asm.Type::getReturnTypeOffset (64 bytes)
Event: 0.730 Thread 0x000002c6f88d14d0 nmethod 1315 0x000002c680226490 code [0x000002c680226780, 0x000002c680227910]
Event: 0.730 Thread 0x000002c6f88d14d0 1316       3       java.lang.invoke.LambdaForm$Name::internArguments (62 bytes)
Event: 0.731 Thread 0x000002c6f88d14d0 nmethod 1316 0x000002c680228010 code [0x000002c6802281e0, 0x000002c680228830]
Event: 0.731 Thread 0x000002c6f88d14d0 1317       3       java.lang.invoke.InvokerBytecodeGenerator::emitReferenceCast (188 bytes)

GC Heap History (2 events):
Event: 0.492 GC heap before
{Heap before GC invocations=0 (full 0):
 garbage-first heap   total reserved 1933312K, committed 120832K, used 23552K [0x000000008a000000, 0x0000000100000000)
  region size 1024K, 22 young (22528K), 0 survivors (0K)
 Metaspace       used 2764K, committed 3008K, reserved 1114112K
  class space    used 288K, committed 384K, reserved 1048576K
}
Event: 0.496 GC heap after
{Heap after GC invocations=1 (full 0):
 garbage-first heap   total reserved 1933312K, committed 120832K, used 5120K [0x000000008a000000, 0x0000000100000000)
  region size 1024K, 3 young (3072K), 3 survivors (3072K)
 Metaspace       used 2764K, committed 3008K, reserved 1114112K
  class space    used 288K, committed 384K, reserved 1048576K
}

Dll operation events (20 events):
Event: 0.444 Loaded shared library C:\Users\Danilka\.openjfx\cache\21+31\amd64\api-ms-win-crt-heap-l1-1-0.dll
Event: 0.446 Loaded shared library C:\Users\Danilka\.openjfx\cache\21+31\amd64\api-ms-win-crt-locale-l1-1-0.dll
Event: 0.448 Loaded shared library C:\Users\Danilka\.openjfx\cache\21+31\amd64\api-ms-win-crt-math-l1-1-0.dll
Event: 0.449 Loaded shared library C:\Users\Danilka\.openjfx\cache\21+31\amd64\api-ms-win-crt-multibyte-l1-1-0.dll
Event: 0.451 Loaded shared library C:\Users\Danilka\.openjfx\cache\21+31\amd64\api-ms-win-crt-private-l1-1-0.dll
Event: 0.453 Loaded shared library C:\Users\Danilka\.openjfx\cache\21+31\amd64\api-ms-win-crt-process-l1-1-0.dll
Event: 0.455 Loaded shared library C:\Users\Danilka\.openjfx\cache\21+31\amd64\api-ms-win-crt-runtime-l1-1-0.dll
Event: 0.457 Loaded shared library C:\Users\Danilka\.openjfx\cache\21+31\amd64\api-ms-win-crt-stdio-l1-1-0.dll
Event: 0.458 Loaded shared library C:\Users\Danilka\.openjfx\cache\21+31\amd64\api-ms-win-crt-string-l1-1-0.dll
Event: 0.460 Loaded shared library C:\Users\Danilka\.openjfx\cache\21+31\amd64\api-ms-win-crt-time-l1-1-0.dll
Event: 0.461 Loaded shared library C:\Users\Danilka\.openjfx\cache\21+31\amd64\api-ms-win-crt-utility-l1-1-0.dll
Event: 0.472 Loaded shared library C:\Users\Danilka\.openjfx\cache\21+31\amd64\ucrtbase.dll
Event: 0.474 Loaded shared library C:\Users\Danilka\.openjfx\cache\21+31\amd64\vcruntime140.dll
Event: 0.476 Loaded shared library C:\Users\Danilka\.openjfx\cache\21+31\amd64\vcruntime140_1.dll
Event: 0.482 Loaded shared library C:\Users\Danilka\.openjfx\cache\21+31\amd64\msvcp140.dll
Event: 0.483 Loaded shared library C:\Users\Danilka\.openjfx\cache\21+31\amd64\msvcp140_1.dll
Event: 0.487 Loaded shared library C:\Users\Danilka\.openjfx\cache\21+31\amd64\msvcp140_2.dll
Event: 0.519 Loaded shared library C:\Users\Danilka\.openjfx\cache\21+31\amd64\prism_d3d.dll
Event: 0.549 Loaded shared library C:\Users\Danilka\.openjfx\cache\21+31\amd64\glass.dll
Event: 0.640 Loaded shared library C:\Users\Danilka\.jdks\openjdk-22.0.2\bin\jimage.dll

Deoptimization events (20 events):
Event: 0.385 Thread 0x000002c6eb781d70 Uncommon trap: trap_request=0xffffff45 fr.pc=0x000002c687af24b0 relative=0x00000000000006b0
Event: 0.385 Thread 0x000002c6eb781d70 Uncommon trap: reason=unstable_if action=reinterpret pc=0x000002c687af24b0 method=jdk.internal.module.Checks.isJavaIdentifier(Ljava/lang/String;)Z @ 4 c2
Event: 0.385 Thread 0x000002c6eb781d70 DEOPT PACKING pc=0x000002c687af24b0 sp=0x000000f66c7fe6e0
Event: 0.385 Thread 0x000002c6eb781d70 DEOPT UNPACKING pc=0x000002c6875846a2 sp=0x000000f66c7fe688 mode 2
Event: 0.473 Thread 0x000002c6eb781d70 DEOPT PACKING pc=0x000002c680172c57 sp=0x000000f66c7fe670
Event: 0.473 Thread 0x000002c6eb781d70 DEOPT UNPACKING pc=0x000002c687584e42 sp=0x000000f66c7fda90 mode 0
Event: 0.614 Thread 0x000002c6d50d9b80 Uncommon trap: trap_request=0xffffff45 fr.pc=0x000002c687b29228 relative=0x0000000000000088
Event: 0.614 Thread 0x000002c6d50d9b80 Uncommon trap: reason=unstable_if action=reinterpret pc=0x000002c687b29228 method=jdk.internal.misc.Unsafe.convEndian(ZI)I @ 4 c2
Event: 0.614 Thread 0x000002c6d50d9b80 DEOPT PACKING pc=0x000002c687b29228 sp=0x000000f66e3fd820
Event: 0.614 Thread 0x000002c6d50d9b80 DEOPT UNPACKING pc=0x000002c6875846a2 sp=0x000000f66e3fd750 mode 2
Event: 0.659 Thread 0x000002c6d50d9b80 DEOPT PACKING pc=0x000002c6800744da sp=0x000000f66e3fd7a0
Event: 0.659 Thread 0x000002c6d50d9b80 DEOPT UNPACKING pc=0x000002c687584e42 sp=0x000000f66e3fcc30 mode 0
Event: 0.661 Thread 0x000002c6d50d9b80 DEOPT PACKING pc=0x000002c6800744da sp=0x000000f66e3fd7a0
Event: 0.661 Thread 0x000002c6d50d9b80 DEOPT UNPACKING pc=0x000002c687584e42 sp=0x000000f66e3fcc30 mode 0
Event: 0.663 Thread 0x000002c6d50d9b80 DEOPT PACKING pc=0x000002c6800744da sp=0x000000f66e3fd7a0
Event: 0.663 Thread 0x000002c6d50d9b80 DEOPT UNPACKING pc=0x000002c687584e42 sp=0x000000f66e3fcc30 mode 0
Event: 0.691 Thread 0x000002c6d50d9b80 Uncommon trap: trap_request=0xffffff45 fr.pc=0x000002c687ae1acc relative=0x000000000000012c
Event: 0.691 Thread 0x000002c6d50d9b80 Uncommon trap: reason=unstable_if action=reinterpret pc=0x000002c687ae1acc method=java.lang.StringCoding.countPositives([BII)I @ 17 c2
Event: 0.691 Thread 0x000002c6d50d9b80 DEOPT PACKING pc=0x000002c687ae1acc sp=0x000000f66e3fdac0
Event: 0.691 Thread 0x000002c6d50d9b80 DEOPT UNPACKING pc=0x000002c6875846a2 sp=0x000000f66e3fda60 mode 2

Classes loaded (20 events):
Event: 0.690 Loading class javax/xml/stream/util/StreamReaderDelegate
Event: 0.690 Loading class javax/xml/stream/util/StreamReaderDelegate done
Event: 0.690 Loading class com/sun/org/apache/xerces/internal/impl/XMLStreamReaderImpl
Event: 0.690 Loading class com/sun/org/apache/xerces/internal/impl/XMLStreamReaderImpl done
Event: 0.690 Loading class com/sun/org/apache/xerces/internal/util/NamespaceContextWrapper
Event: 0.691 Loading class javax/xml/namespace/NamespaceContext
Event: 0.691 Loading class javax/xml/namespace/NamespaceContext done
Event: 0.691 Loading class com/sun/org/apache/xerces/internal/util/NamespaceContextWrapper done
Event: 0.691 Loading class com/sun/xml/internal/stream/StaxErrorReporter
Event: 0.691 Loading class com/sun/xml/internal/stream/StaxErrorReporter done
Event: 0.691 Loading class java/util/LinkedList$Node
Event: 0.691 Loading class java/util/LinkedList$Node done
Event: 0.691 Loading class java/util/LinkedList$ListItr
Event: 0.692 Loading class java/util/LinkedList$ListItr done
Event: 0.693 Loading class java/util/EventListener
Event: 0.693 Loading class java/util/EventListener done
Event: 0.717 Loading class java/util/regex/Pattern$Loop
Event: 0.717 Loading class java/util/regex/Pattern$Loop done
Event: 0.717 Loading class java/util/regex/Pattern$Prolog
Event: 0.717 Loading class java/util/regex/Pattern$Prolog done

Classes unloaded (0 events):
No events

Classes redefined (0 events):
No events

Internal exceptions (20 events):
Event: 0.186 Thread 0x000002c6eb781d70 Exception <a 'java/lang/NoSuchMethodError'{0x0000000090ee85e0}: 'java.lang.Object java.lang.invoke.DirectMethodHandle$Holder.invokeVirtual(java.lang.Object, java.lang.Object, java.lang.Object)'> (0x0000000090ee85e0) 
thrown [s\open\src\hotspot\share\interpreter\linkResolver.cpp, line 774]
Event: 0.196 Thread 0x000002c6eb781d70 Exception <a 'java/lang/NoSuchMethodError'{0x0000000090df7cb0}: 'void java.lang.invoke.DirectMethodHandle$Holder.invokeSpecial(java.lang.Object, java.lang.Object, java.lang.Object)'> (0x0000000090df7cb0) 
thrown [s\open\src\hotspot\share\interpreter\linkResolver.cpp, line 774]
Event: 0.227 Thread 0x000002c6eb781d70 Exception <a 'java/lang/NoSuchMethodError'{0x0000000090a07e70}: 'void java.lang.invoke.DirectMethodHandle$Holder.invokeSpecial(java.lang.Object, java.lang.Object, java.lang.Object, java.lang.Object, java.lang.Object)'> (0x0000000090a07e70) 
thrown [s\open\src\hotspot\share\interpreter\linkResolver.cpp, line 774]
Event: 0.232 Thread 0x000002c6eb781d70 Exception <a 'java/lang/NoSuchMethodError'{0x0000000090a1df28}: 'java.lang.Object java.lang.invoke.DirectMethodHandle$Holder.invokeInterface(java.lang.Object, java.lang.Object)'> (0x0000000090a1df28) 
thrown [s\open\src\hotspot\share\interpreter\linkResolver.cpp, line 774]
Event: 0.233 Thread 0x000002c6eb781d70 Exception <a 'java/lang/IncompatibleClassChangeError'{0x0000000090a211a0}: Found class java.lang.Object, but interface was expected> (0x0000000090a211a0) 
thrown [s\open\src\hotspot\share\interpreter\linkResolver.cpp, line 841]
Event: 0.234 Thread 0x000002c6eb781d70 Exception <a 'java/lang/NoSuchMethodError'{0x0000000090a23b80}: 'void java.lang.invoke.DirectMethodHandle$Holder.invokeStatic(java.lang.Object, java.lang.Object, java.lang.Object, java.lang.Object)'> (0x0000000090a23b80) 
thrown [s\open\src\hotspot\share\interpreter\linkResolver.cpp, line 774]
Event: 0.297 Thread 0x000002c6eb781d70 Exception <a 'java/lang/NoSuchMethodError'{0x00000000907ea958}: 'void java.lang.invoke.DirectMethodHandle$Holder.invokeStatic(java.lang.Object, java.lang.Object, java.lang.Object)'> (0x00000000907ea958) 
thrown [s\open\src\hotspot\share\interpreter\linkResolver.cpp, line 774]
Event: 0.300 Thread 0x000002c6eb781d70 Exception <a 'java/lang/NoSuchMethodError'{0x0000000090600bf0}: 'java.lang.Object java.lang.invoke.Invokers$Holder.invokeExact_MT(java.lang.Object, java.lang.Object, java.lang.Object, java.lang.Object, java.lang.Object)'> (0x0000000090600bf0) 
thrown [s\open\src\hotspot\share\interpreter\linkResolver.cpp, line 774]
Event: 0.310 Thread 0x000002c6d4935570 Exception <a 'java/lang/ClassNotFoundException'{0x0000000090674d88}: jdk/net/ExtendedSocketOptions> (0x0000000090674d88) 
thrown [s\open\src\hotspot\share\classfile\systemDictionary.cpp, line 313]
Event: 0.311 Thread 0x000002c6d4935570 Exception <a 'java/lang/NoSuchMethodError'{0x00000000906764d8}: 'void java.lang.invoke.DirectMethodHandle$Holder.invokeStatic(java.lang.Object, java.lang.Object)'> (0x00000000906764d8) 
thrown [s\open\src\hotspot\share\interpreter\linkResolver.cpp, line 774]
Event: 0.318 Thread 0x000002c6eb781d70 Exception <a 'java/lang/NoSuchMethodError'{0x0000000090525250}: 'java.lang.Object java.lang.invoke.Invokers$Holder.invokeExact_MT(java.lang.Object, java.lang.Object, java.lang.Object, java.lang.Object, java.lang.Object, java.lang.Object)'> (0x0000000090525250) 
thrown [s\open\src\hotspot\share\interpreter\linkResolver.cpp, line 774]
Event: 0.538 Thread 0x000002c6eb781d70 Exception <a 'java/lang/NoSuchMethodError'{0x00000000914b4a18}: 'int java.lang.invoke.DirectMethodHandle$Holder.invokeStaticInit(java.lang.Object, java.lang.Object, java.lang.Object)'> (0x00000000914b4a18) 
thrown [s\open\src\hotspot\share\interpreter\linkResolver.cpp, line 774]
Event: 0.551 Thread 0x000002c6eb781d70 Exception <a 'java/lang/NoSuchMethodError'{0x0000000091226d58}: 'java.lang.Object java.lang.invoke.DirectMethodHandle$Holder.newInvokeSpecial(java.lang.Object, java.lang.Object, int, java.lang.Object)'> (0x0000000091226d58) 
thrown [s\open\src\hotspot\share\interpreter\linkResolver.cpp, line 774]
Event: 0.552 Thread 0x000002c6eb781d70 Exception <a 'java/lang/NoSuchMethodError'{0x000000009122af90}: 'java.lang.Object java.lang.invoke.DirectMethodHandle$Holder.invokeSpecial(java.lang.Object, java.lang.Object, java.lang.Object, int, java.lang.Object)'> (0x000000009122af90) 
thrown [s\open\src\hotspot\share\interpreter\linkResolver.cpp, line 774]
Event: 0.600 Thread 0x000002c6d50d9b80 Exception <a 'java/lang/NoSuchMethodError'{0x0000000090f117f8}: 'void java.lang.invoke.DirectMethodHandle$Holder.invokeStaticInit(java.lang.Object)'> (0x0000000090f117f8) 
thrown [s\open\src\hotspot\share\interpreter\linkResolver.cpp, line 774]
Event: 0.603 Thread 0x000002c6eb781d70 Exception <a 'java/lang/NoSuchMethodError'{0x000000009123e620}: 'java.lang.Object java.lang.invoke.DirectMethodHandle$Holder.newInvokeSpecial(java.lang.Object, java.lang.Object, java.lang.Object, java.lang.Object, java.lang.Object, java.lang.Object)'> (0x000000009123e620) 
thrown [s\open\src\hotspot\share\interpreter\linkResolver.cpp, line 774]
Event: 0.619 Thread 0x000002c6eb781d70 Exception <a 'java/lang/NoSuchMethodError'{0x0000000090fc2ae8}: 'java.lang.Object java.lang.invoke.DirectMethodHandle$Holder.newInvokeSpecial(java.lang.Object, java.lang.Object, java.lang.Object, java.lang.Object, java.lang.Object)'> (0x0000000090fc2ae8) 
thrown [s\open\src\hotspot\share\interpreter\linkResolver.cpp, line 774]
Event: 0.662 Thread 0x000002c6d50d9b80 Exception <a 'sun/nio/fs/WindowsException'{0x00000000909ccd90}> (0x00000000909ccd90) 
thrown [s\open\src\hotspot\share\prims\jni.cpp, line 520]
Event: 0.711 Thread 0x000002c6d50d9b80 Exception <a 'java/lang/NoSuchMethodError'{0x00000000906fd870}: 'java.lang.Object java.lang.invoke.DirectMethodHandle$Holder.invokeStaticInit(java.lang.Object, java.lang.Object, java.lang.Object, java.lang.Object)'> (0x00000000906fd870) 
thrown [s\open\src\hotspot\share\interpreter\linkResolver.cpp, line 774]
Event: 0.712 Thread 0x000002c6d50d9b80 Exception <a 'java/lang/NullPointerException'{0x000000009050a830}> (0x000000009050a830) 
thrown [s\open\src\hotspot\share\interpreter\linkResolver.cpp, line 1374]

ZGC Phase Switch (0 events):
No events

VM Operations (12 events):
Event: 0.185 Executing VM operation: HandshakeAllThreads (Deoptimize)
Event: 0.185 Executing VM operation: HandshakeAllThreads (Deoptimize) done
Event: 0.230 Executing VM operation: HandshakeAllThreads (Deoptimize)
Event: 0.230 Executing VM operation: HandshakeAllThreads (Deoptimize) done
Event: 0.316 Executing VM operation: HandshakeAllThreads (Deoptimize)
Event: 0.317 Executing VM operation: HandshakeAllThreads (Deoptimize) done
Event: 0.492 Executing VM operation: G1CollectForAllocation (G1 Evacuation Pause)
Event: 0.496 Executing VM operation: G1CollectForAllocation (G1 Evacuation Pause) done
Event: 0.544 Executing VM operation: HandshakeAllThreads (Deoptimize)
Event: 0.544 Executing VM operation: HandshakeAllThreads (Deoptimize) done
Event: 0.684 Executing VM operation: HandshakeAllThreads (Deoptimize)
Event: 0.684 Executing VM operation: HandshakeAllThreads (Deoptimize) done

Memory protections (0 events):
No events

Nmethod flushes (0 events):
No events

Events (18 events):
Event: 0.020 Thread 0x000002c6eb781d70 Thread added: 0x000002c6eb781d70
Event: 0.031 Thread 0x000002c6eb781d70 Thread added: 0x000002c6f88c7370
Event: 0.031 Thread 0x000002c6eb781d70 Thread added: 0x000002c6f88c8090
Event: 0.031 Thread 0x000002c6eb781d70 Thread added: 0x000002c6f88ca120
Event: 0.031 Thread 0x000002c6eb781d70 Thread added: 0x000002c6f88caf90
Event: 0.032 Thread 0x000002c6eb781d70 Thread added: 0x000002c6f88cb9f0
Event: 0.032 Thread 0x000002c6eb781d70 Thread added: 0x000002c6f88cc450
Event: 0.032 Thread 0x000002c6eb781d70 Thread added: 0x000002c6f88ce200
Event: 0.032 Thread 0x000002c6eb781d70 Thread added: 0x000002c6f88d14d0
Event: 0.091 Thread 0x000002c6eb781d70 Thread added: 0x000002c6d42183f0
Event: 0.140 Thread 0x000002c6f88d14d0 Thread added: 0x000002c6d4313cb0
Event: 0.304 Thread 0x000002c6eb781d70 Thread added: 0x000002c6d4935570
Event: 0.304 Thread 0x000002c6eb781d70 Thread added: 0x000002c6d432a0e0
Event: 0.512 Thread 0x000002c6eb781d70 Thread added: 0x000002c6d5041a50
Event: 0.550 Thread 0x000002c6eb781d70 Thread added: 0x000002c6d50d3550
Event: 0.553 Thread 0x000002c6eb781d70 Thread added: 0x000002c6d50d9b80
Event: 0.619 Thread 0x000002c6eb781d70 Thread added: 0x000002c6d52a2180
Event: 0.620 Thread 0x000002c6d52cf5a0 Thread added: 0x000002c6d52cf5a0


Dynamic libraries:
0x00007ff6b7b60000 - 0x00007ff6b7b6e000 	C:\Users\Danilka\.jdks\openjdk-22.0.2\bin\java.exe
0x00007ffb44610000 - 0x00007ffb44808000 	C:\WINDOWS\SYSTEM32\ntdll.dll
0x00007ffb42aa0000 - 0x00007ffb42b61000 	C:\WINDOWS\System32\KERNEL32.DLL
0x00007ffb41ec0000 - 0x00007ffb421bd000 	C:\WINDOWS\System32\KERNELBASE.dll
0x00007ffb42540000 - 0x00007ffb42640000 	C:\WINDOWS\System32\ucrtbase.dll
0x00007ffb3bc10000 - 0x00007ffb3bc27000 	C:\Users\Danilka\.jdks\openjdk-22.0.2\bin\jli.dll
0x00007ffb3bc30000 - 0x00007ffb3bc4b000 	C:\Users\Danilka\.jdks\openjdk-22.0.2\bin\VCRUNTIME140.dll
0x00007ffb43790000 - 0x00007ffb4392d000 	C:\WINDOWS\System32\USER32.dll
0x00007ffb41de0000 - 0x00007ffb41e02000 	C:\WINDOWS\System32\win32u.dll
0x00007ffb42a70000 - 0x00007ffb42a9b000 	C:\WINDOWS\System32\GDI32.dll
0x00007ffb41010000 - 0x00007ffb412aa000 	C:\WINDOWS\WinSxS\amd64_microsoft.windows.common-controls_6595b64144ccf1df_6.0.19041.4355_none_60b8b9eb71f62e16\COMCTL32.dll
0x00007ffb42700000 - 0x00007ffb4279e000 	C:\WINDOWS\System32\msvcrt.dll
0x00007ffb41cc0000 - 0x00007ffb41dd7000 	C:\WINDOWS\System32\gdi32full.dll
0x00007ffb42280000 - 0x00007ffb4231d000 	C:\WINDOWS\System32\msvcp_win.dll
0x00007ffb43cc0000 - 0x00007ffb43cef000 	C:\WINDOWS\System32\IMM32.DLL
0x00007ffb3bc00000 - 0x00007ffb3bc0c000 	C:\Users\Danilka\.jdks\openjdk-22.0.2\bin\vcruntime140_1.dll
0x00007ffb267c0000 - 0x00007ffb2684e000 	C:\Users\Danilka\.jdks\openjdk-22.0.2\bin\msvcp140.dll
0x00007ffb01bb0000 - 0x00007ffb028f9000 	C:\Users\Danilka\.jdks\openjdk-22.0.2\bin\server\jvm.dll
0x00007ffb43cf0000 - 0x00007ffb43da0000 	C:\WINDOWS\System32\ADVAPI32.dll
0x00007ffb43b60000 - 0x00007ffb43c00000 	C:\WINDOWS\System32\sechost.dll
0x00007ffb443a0000 - 0x00007ffb444c3000 	C:\WINDOWS\System32\RPCRT4.dll
0x00007ffb42510000 - 0x00007ffb42537000 	C:\WINDOWS\System32\bcrypt.dll
0x00007ffb44560000 - 0x00007ffb445cb000 	C:\WINDOWS\System32\WS2_32.dll
0x00007ffb41b10000 - 0x00007ffb41b5b000 	C:\WINDOWS\SYSTEM32\POWRPROF.dll
0x00007ffb3cd90000 - 0x00007ffb3cdb7000 	C:\WINDOWS\SYSTEM32\WINMM.dll
0x00007ffb36e70000 - 0x00007ffb36e7a000 	C:\WINDOWS\SYSTEM32\VERSION.dll
0x00007ffb41af0000 - 0x00007ffb41b02000 	C:\WINDOWS\SYSTEM32\UMPDC.dll
0x00007ffb3fe50000 - 0x00007ffb3fe62000 	C:\WINDOWS\SYSTEM32\kernel.appcore.dll
0x00007ffb3bbf0000 - 0x00007ffb3bbfa000 	C:\Users\Danilka\.jdks\openjdk-22.0.2\bin\jimage.dll
0x00007ffb41610000 - 0x00007ffb417f4000 	C:\WINDOWS\SYSTEM32\DBGHELP.DLL
0x00007ffb41420000 - 0x00007ffb41454000 	C:\WINDOWS\SYSTEM32\dbgcore.DLL
0x00007ffb42480000 - 0x00007ffb42502000 	C:\WINDOWS\System32\bcryptPrimitives.dll
0x00007ffb38210000 - 0x00007ffb3821f000 	C:\Users\Danilka\.jdks\openjdk-22.0.2\bin\instrument.dll
0x00007ffb3bbd0000 - 0x00007ffb3bbee000 	C:\Users\Danilka\.jdks\openjdk-22.0.2\bin\java.dll
0x00007ffb43020000 - 0x00007ffb4378f000 	C:\WINDOWS\System32\SHELL32.dll
0x00007ffb42940000 - 0x00007ffb42a6b000 	C:\WINDOWS\System32\ole32.dll
0x00007ffb42b70000 - 0x00007ffb42ec3000 	C:\WINDOWS\System32\combase.dll
0x00007ffb3f6a0000 - 0x00007ffb3fe3f000 	C:\WINDOWS\SYSTEM32\windows.storage.dll
0x00007ffb40f70000 - 0x00007ffb40f9e000 	C:\WINDOWS\SYSTEM32\Wldp.dll
0x00007ffb442d0000 - 0x00007ffb4439d000 	C:\WINDOWS\System32\OLEAUT32.dll
0x00007ffb43c00000 - 0x00007ffb43cad000 	C:\WINDOWS\System32\SHCORE.dll
0x00007ffb428e0000 - 0x00007ffb42935000 	C:\WINDOWS\System32\shlwapi.dll
0x00007ffb41bf0000 - 0x00007ffb41c14000 	C:\WINDOWS\SYSTEM32\profapi.dll
0x00007ffb111d0000 - 0x00007ffb112a7000 	C:\Users\Danilka\.jdks\openjdk-22.0.2\bin\jsvml.dll
0x00007ffb3a5c0000 - 0x00007ffb3a5d0000 	C:\Users\Danilka\.jdks\openjdk-22.0.2\bin\net.dll
0x00007ffb40c80000 - 0x00007ffb40cea000 	C:\WINDOWS\system32\mswsock.dll
0x00007ffb381d0000 - 0x00007ffb381e6000 	C:\Users\Danilka\.jdks\openjdk-22.0.2\bin\nio.dll
0x00007ffb37030000 - 0x00007ffb37047000 	C:\Users\Danilka\.jdks\openjdk-22.0.2\bin\zip.dll
0x00007ffb2a200000 - 0x00007ffb2a21a000 	C:\Users\Danilka\AppData\Local\Programs\IntelliJ IDEA Community Edition\bin\breakgen64.dll
0x000002c6d4d50000 - 0x000002c6d4d53000 	C:\Users\Danilka\.openjfx\cache\21+31\amd64\api-ms-win-core-console-l1-1-0.dll
0x000002c6d4d60000 - 0x000002c6d4d63000 	C:\Users\Danilka\.openjfx\cache\21+31\amd64\api-ms-win-core-console-l1-2-0.dll
0x000002c6d4d70000 - 0x000002c6d4d73000 	C:\Users\Danilka\.openjfx\cache\21+31\amd64\api-ms-win-core-datetime-l1-1-0.dll
0x000002c6d4d80000 - 0x000002c6d4d83000 	C:\Users\Danilka\.openjfx\cache\21+31\amd64\api-ms-win-core-debug-l1-1-0.dll
0x000002c6d4d90000 - 0x000002c6d4d93000 	C:\Users\Danilka\.openjfx\cache\21+31\amd64\api-ms-win-core-errorhandling-l1-1-0.dll
0x000002c6d4da0000 - 0x000002c6d4da4000 	C:\Users\Danilka\.openjfx\cache\21+31\amd64\api-ms-win-core-file-l1-1-0.dll
0x000002c6d4db0000 - 0x000002c6d4db3000 	C:\Users\Danilka\.openjfx\cache\21+31\amd64\api-ms-win-core-file-l1-2-0.dll
0x000002c6d4dc0000 - 0x000002c6d4dc3000 	C:\Users\Danilka\.openjfx\cache\21+31\amd64\api-ms-win-core-file-l2-1-0.dll
0x000002c6d4dd0000 - 0x000002c6d4dd3000 	C:\Users\Danilka\.openjfx\cache\21+31\amd64\api-ms-win-core-handle-l1-1-0.dll
0x000002c6d4de0000 - 0x000002c6d4de3000 	C:\Users\Danilka\.openjfx\cache\21+31\amd64\api-ms-win-core-heap-l1-1-0.dll
0x000002c6d4df0000 - 0x000002c6d4df3000 	C:\Users\Danilka\.openjfx\cache\21+31\amd64\api-ms-win-core-interlocked-l1-1-0.dll
0x000002c6d4e00000 - 0x000002c6d4e03000 	C:\Users\Danilka\.openjfx\cache\21+31\amd64\api-ms-win-core-libraryloader-l1-1-0.dll
0x000002c6d4e10000 - 0x000002c6d4e13000 	C:\Users\Danilka\.openjfx\cache\21+31\amd64\api-ms-win-core-localization-l1-2-0.dll
0x000002c6d4e20000 - 0x000002c6d4e23000 	C:\Users\Danilka\.openjfx\cache\21+31\amd64\api-ms-win-core-memory-l1-1-0.dll
0x000002c6d4e30000 - 0x000002c6d4e33000 	C:\Users\Danilka\.openjfx\cache\21+31\amd64\api-ms-win-core-namedpipe-l1-1-0.dll
0x000002c6d4e40000 - 0x000002c6d4e43000 	C:\Users\Danilka\.openjfx\cache\21+31\amd64\api-ms-win-core-processenvironment-l1-1-0.dll
0x000002c6d4e50000 - 0x000002c6d4e53000 	C:\Users\Danilka\.openjfx\cache\21+31\amd64\api-ms-win-core-processthreads-l1-1-0.dll
0x000002c6d4e60000 - 0x000002c6d4e63000 	C:\Users\Danilka\.openjfx\cache\21+31\amd64\api-ms-win-core-processthreads-l1-1-1.dll
0x000002c6d4e70000 - 0x000002c6d4e73000 	C:\Users\Danilka\.openjfx\cache\21+31\amd64\api-ms-win-core-profile-l1-1-0.dll
0x000002c6d4e80000 - 0x000002c6d4e83000 	C:\Users\Danilka\.openjfx\cache\21+31\amd64\api-ms-win-core-rtlsupport-l1-1-0.dll
0x000002c6d4e90000 - 0x000002c6d4e93000 	C:\Users\Danilka\.openjfx\cache\21+31\amd64\api-ms-win-core-string-l1-1-0.dll
0x000002c6d4ea0000 - 0x000002c6d4ea3000 	C:\Users\Danilka\.openjfx\cache\21+31\amd64\api-ms-win-core-synch-l1-1-0.dll
0x000002c6d4eb0000 - 0x000002c6d4eb3000 	C:\Users\Danilka\.openjfx\cache\21+31\amd64\api-ms-win-core-synch-l1-2-0.dll
0x000002c6d4ec0000 - 0x000002c6d4ec3000 	C:\Users\Danilka\.openjfx\cache\21+31\amd64\api-ms-win-core-sysinfo-l1-1-0.dll
0x000002c6d4ed0000 - 0x000002c6d4ed3000 	C:\Users\Danilka\.openjfx\cache\21+31\amd64\api-ms-win-core-timezone-l1-1-0.dll
0x000002c6d4ee0000 - 0x000002c6d4ee3000 	C:\Users\Danilka\.openjfx\cache\21+31\amd64\api-ms-win-core-util-l1-1-0.dll
0x000002c6d4ef0000 - 0x000002c6d4ef3000 	C:\Users\Danilka\.openjfx\cache\21+31\amd64\api-ms-win-crt-conio-l1-1-0.dll
0x000002c6d4f00000 - 0x000002c6d4f04000 	C:\Users\Danilka\.openjfx\cache\21+31\amd64\api-ms-win-crt-convert-l1-1-0.dll
0x000002c6d4f10000 - 0x000002c6d4f13000 	C:\Users\Danilka\.openjfx\cache\21+31\amd64\api-ms-win-crt-environment-l1-1-0.dll
0x000002c6d4f20000 - 0x000002c6d4f23000 	C:\Users\Danilka\.openjfx\cache\21+31\amd64\api-ms-win-crt-filesystem-l1-1-0.dll
0x000002c6d4f30000 - 0x000002c6d4f33000 	C:\Users\Danilka\.openjfx\cache\21+31\amd64\api-ms-win-crt-heap-l1-1-0.dll
0x000002c6d4f40000 - 0x000002c6d4f43000 	C:\Users\Danilka\.openjfx\cache\21+31\amd64\api-ms-win-crt-locale-l1-1-0.dll
0x000002c6d4f50000 - 0x000002c6d4f55000 	C:\Users\Danilka\.openjfx\cache\21+31\amd64\api-ms-win-crt-math-l1-1-0.dll
0x000002c6d4f60000 - 0x000002c6d4f65000 	C:\Users\Danilka\.openjfx\cache\21+31\amd64\api-ms-win-crt-multibyte-l1-1-0.dll
0x000002c6d4f70000 - 0x000002c6d4f80000 	C:\Users\Danilka\.openjfx\cache\21+31\amd64\api-ms-win-crt-private-l1-1-0.dll
0x000002c6d4f80000 - 0x000002c6d4f83000 	C:\Users\Danilka\.openjfx\cache\21+31\amd64\api-ms-win-crt-process-l1-1-0.dll
0x000002c6d4f90000 - 0x000002c6d4f94000 	C:\Users\Danilka\.openjfx\cache\21+31\amd64\api-ms-win-crt-runtime-l1-1-0.dll
0x000002c6d4fa0000 - 0x000002c6d4fa4000 	C:\Users\Danilka\.openjfx\cache\21+31\amd64\api-ms-win-crt-stdio-l1-1-0.dll
0x000002c6d4fb0000 - 0x000002c6d4fb4000 	C:\Users\Danilka\.openjfx\cache\21+31\amd64\api-ms-win-crt-string-l1-1-0.dll
0x000002c6d4fc0000 - 0x000002c6d4fc3000 	C:\Users\Danilka\.openjfx\cache\21+31\amd64\api-ms-win-crt-time-l1-1-0.dll
0x000002c6d4fd0000 - 0x000002c6d4fd3000 	C:\Users\Danilka\.openjfx\cache\21+31\amd64\api-ms-win-crt-utility-l1-1-0.dll
0x00007ffb10b60000 - 0x00007ffb10c5c000 	C:\Users\Danilka\.openjfx\cache\21+31\amd64\ucrtbase.dll
0x00007ffb289a0000 - 0x00007ffb289bb000 	C:\Users\Danilka\.openjfx\cache\21+31\amd64\vcruntime140.dll
0x00007ffb28850000 - 0x00007ffb2885c000 	C:\Users\Danilka\.openjfx\cache\21+31\amd64\vcruntime140_1.dll
0x00007ffb11350000 - 0x00007ffb113de000 	C:\Users\Danilka\.openjfx\cache\21+31\amd64\msvcp140.dll
0x00007ffb28840000 - 0x00007ffb28849000 	C:\Users\Danilka\.openjfx\cache\21+31\amd64\msvcp140_1.dll
0x00007ffb28810000 - 0x00007ffb2883f000 	C:\Users\Danilka\.openjfx\cache\21+31\amd64\msvcp140_2.dll
0x00007ffb286c0000 - 0x00007ffb286ef000 	C:\Users\Danilka\.openjfx\cache\21+31\amd64\prism_d3d.dll
0x00007ffb012f0000 - 0x00007ffb014c0000 	C:\WINDOWS\system32\d3d9.dll
0x00007ffb3ec20000 - 0x00007ffb3ec4f000 	C:\WINDOWS\SYSTEM32\dwmapi.dll
0x00007ffb3ea10000 - 0x00007ffb3eaae000 	C:\WINDOWS\system32\uxtheme.dll
0x00007ffb34ac0000 - 0x00007ffb34c7b000 	C:\WINDOWS\System32\DriverStore\FileRepository\u0402263.inf_amd64_1366da2d694c570c\B400781\aticfx64.dll
0x00007ffb23fa0000 - 0x00007ffb23fd4000 	C:\WINDOWS\System32\DriverStore\FileRepository\u0402263.inf_amd64_1366da2d694c570c\B400781\atiu9p64.dll
0x00007ffaf13a0000 - 0x00007ffaf20e7000 	C:\WINDOWS\System32\DriverStore\FileRepository\u0402263.inf_amd64_1366da2d694c570c\B400781\atiumd64.dll
0x000000005bca0000 - 0x000000005cbb3000 	C:\WINDOWS\System32\DriverStore\FileRepository\u0402263.inf_amd64_1366da2d694c570c\B400781\atiumd6a.dll
0x00007ffb43da0000 - 0x00007ffb4420e000 	C:\WINDOWS\System32\SETUPAPI.dll
0x00007ffb421c0000 - 0x00007ffb4220e000 	C:\WINDOWS\System32\cfgmgr32.dll
0x00007ffb30ec0000 - 0x00007ffb30ef5000 	C:\WINDOWS\SYSTEM32\amdihk64.dll
0x00007ffb197a0000 - 0x00007ffb197e2000 	C:\Users\Danilka\.openjfx\cache\21+31\amd64\glass.dll
0x00007ffb427a0000 - 0x00007ffb4287a000 	C:\WINDOWS\System32\COMDLG32.dll
0x00007ffb42ed0000 - 0x00007ffb42fe4000 	C:\WINDOWS\System32\MSCTF.dll
0x00007ffb35160000 - 0x00007ffb3519b000 	C:\WINDOWS\SYSTEM32\dxcore.dll

dbghelp: loaded successfully - version: 4.0.5 - missing functions: none
symbol engine: initialized successfully - sym options: 0x614 - pdb path: .;C:\Users\Danilka\.jdks\openjdk-22.0.2\bin;C:\WINDOWS\SYSTEM32;C:\WINDOWS\WinSxS\amd64_microsoft.windows.common-controls_6595b64144ccf1df_6.0.19041.4355_none_60b8b9eb71f62e16;C:\Users\Danilka\.jdks\openjdk-22.0.2\bin\server;C:\Users\Danilka\AppData\Local\Programs\IntelliJ IDEA Community Edition\bin;C:\Users\Danilka\.openjfx\cache\21+31\amd64;C:\WINDOWS\System32\DriverStore\FileRepository\u0402263.inf_amd64_1366da2d694c570c\B400781

VM Arguments:
jvm_args: -javaagent:C:\Users\Danilka\AppData\Local\Programs\IntelliJ IDEA Community Edition\lib\idea_rt.jar=56953:C:\Users\Danilka\AppData\Local\Programs\IntelliJ IDEA Community Edition\bin -Dfile.encoding=UTF-8 -Dsun.stdout.encoding=UTF-8 -Dsun.stderr.encoding=UTF-8 --module-path=C:\Users\Danilka\IdeaProjects\Course_Work\lib\javax.websocket-client-api-1.1.jar;C:\Users\Danilka\IdeaProjects\Course_Work\lib\jackson-core-asl-1.9.12.jar;C:\Users\Danilka\IdeaProjects\Course_Work\target\classes;C:\Users\Danilka\.m2\repository\com\google\protobuf\protobuf-java\3.21.9\protobuf-java-3.21.9.jar;C:\Users\Danilka\.m2\repository\org\slf4j\slf4j-api\2.0.13\slf4j-api-2.0.13.jar;C:\Users\Danilka\IdeaProjects\Course_Work\lib\slf4j-api-2.0.6.jar;C:\Users\Danilka\.m2\repository\com\google\api\api-common\2.31.0\api-common-2.31.0.jar;C:\Users\Danilka\.m2\repository\com\google\auth\google-auth-library-credentials\1.23.0\google-auth-library-credentials-1.23.0.jar;C:\Users\Danilka\IdeaProjects\Course_Work\lib\Java-WebSocket-1.5.6.jar;C:\Users\Danilka\.m2\repository\com\google\api\grpc\proto-google-cloud-firestore-v1\3.21.1\proto-google-cloud-firestore-v1-3.21.1.jar;C:\Users\Danilka\IdeaProjects\Course_Work\lib\jackson-mapper-asl-1.9.12.jar;C:\Users\Danilka\.m2\repository\com\fasterxml\jackson\core\jackson-annotations\2.14.2\jackson-annotations-2.14.2.jar;C:\Users\Danilka\.m2\repository\org\openjfx\javafx-controls\21\javafx-controls-21-win.jar;C:\Users\Danilka\.m2\repository\com\google\cloud\google-cloud-firestore\3.21.1\google-cloud-firestore-3.21.1.jar;C:\Users\Danilka\.m2\repository\com\google\cloud\google-cloud-core\2.38.0\google-cloud-core-2.38.0.jar;C:\Users\Danilka\.m2\repository\org\openjfx\javafx-graphics\21\javafx-graphics-21-win.jar;C:\Users\Danilka\.m2\repository\com\fasterxml\jackson\core\jackson-core\2.14.2\jackson-core-2.14.2.jar;C:\Users\Danilka\.m2\repository\org\openjfx\javafx-base\21\javafx-base-21-win.jar;C:\Users\Danilka\.m2\repository\com\google\auth\google-auth-library-oauth2-http\1.23.0\google-auth-library-oauth2-http-1.23.0.jar;C:\Users\Danilka\.m2\repository\com\fasterxml\jackson\core\jackson-databind\2.14.2\jackson-databind-2.14.2.jar;C:\Users\Danilka\.m2\repository\com\google\firebase\firebase-admin\9.3.0\firebase-admin-9.3.-Djdk.module.main=com.example.course_work 
java_command: com.example.course_work/com.example.course_work.HelloApplication
java_class_path (initial): C:\Users\Danilka\.m2\repository\org\openjfx\javafx-controls\21\javafx-controls-21.jar;C:\Users\Danilka\.m2\repository\org\openjfx\javafx-graphics\21\javafx-graphics-21.jar;C:\Users\Danilka\.m2\repository\org\openjfx\javafx-base\21\javafx-base-21.jar;C:\Users\Danilka\.m2\repository\org\openjfx\javafx-fxml\21\javafx-fxml-21.jar;C:\Users\Danilka\.m2\repository\com\mysql\mysql-connector-j\8.0.32\mysql-connector-j-8.0.32.jar;C:\Users\Danilka\.m2\repository\com\google\api-client\google-api-client-gson\2.4.0\google-api-client-gson-2.4.0.jar;C:\Users\Danilka\.m2\repository\com\google\http-client\google-http-client\1.44.1\google-http-client-1.44.1.jar;C:\Users\Danilka\.m2\repository\com\google\code\findbugs\jsr305\3.0.2\jsr305-3.0.2.jar;C:\Users\Danilka\.m2\repository\com\google\errorprone\error_prone_annotations\2.23.0\error_prone_annotations-2.23.0.jar;C:\Users\Danilka\.m2\repository\com\google\j2objc\j2objc-annotations\2.8\j2objc-annotations-2.8.jar;C:\Users\Danilka\.m2\repository\io\grpc\grpc-context\1.60.1\grpc-context-1.60.1.jar;C:\Users\Danilka\.m2\repository\io\opencensus\opencensus-contrib-http-util\0.31.1\opencensus-contrib-http-util-0.31.1.jar;C:\Users\Danilka\.m2\repository\com\google\auto\value\auto-value-annotations\1.10.4\auto-value-annotations-1.10.4.jar;C:\Users\Danilka\.m2\repository\javax\annotation\javax.annotation-api\1.3.2\javax.annotation-api-1.3.2.jar;C:\Users\Danilka\.m2\repository\com\google\cloud\google-cloud-storage\2.38.0\google-cloud-storage-2.38.0.jar;C:\Users\Danilka\.m2\repository\com\google\guava\failureaccess\1.0.2\failureaccess-1.0.2.jar;C:\Users\Danilka\.m2\repository\com\google\guava\listenablefuture\9999.0-empty-to-avoid-conflict-with-guava\listenablefuture-9999.0-empty-to-avoid-conflict-with-guava.jar;C:\Users\Danilka\.m2\repository\com\google\http-client\google-http-client-jackson2\1.44.1\google-http-client-jackson2-1.44.1.jar;C:\Users\Danilka\.m2\repository\com\google\apis\google-api-services-storage\v1-rev20240319-2.0.0\google-api-services-storage-v1-rev20240319-2.0.0.jar;C:\Users\Danilka\.m2\repository\com\google\code\gson\gson\2.10.1\gson-2.10.1.jar;C:\Users\Danilka\.m2\repository\com\google\cloud\google-cloud-core-http\2.38.0\google-cloud-core-http-2.38.0.jar;C:\Users\Danilka\.m2\repository\com\google\http-client\google-http-client-appengine\1.44.1\google-http-client-appengine-1.44.1.jar;C:\Users\Danilka\.m2\repository\com\google\api\gax-httpjson\2.48.0\gax-httpjson-2.48.0.jar;C:\Users\Danilka\.m2\repository\com\google\cloud\google-cloud-core-grpc\2.38.0\google-cloud-core-grpc-2.38.0.jar;C:\Users\Danilka\.m2\repository\com\google\api\gax\2.48.0\gax-2.48.0.jar;C:\Users\Danilka\.m2\repository\com\google\api\gax-grpc\2.48.0\gax-grpc-2.48.0.jar;C:\Users\Danilka\.m2\repository\io\grpc\grpc-inprocess\1.62.2\grpc-inprocess-1.62.2.jar;C:\Users\Danilka\.m2\repository\io\grpc\grpc-alts\1.62.2\grpc-alts-1.62.2.jar;C:\Users\Danilka\.m2\repository\io\grpc\grpc-grpclb\1.62.2\grpc-grpclb-1.62.2.jar;C:\Users\Danilka\.m2\repository\org\conscrypt\conscrypt-openjdk-uber\2.5.2\conscrypt-openjdk-uber-2.5.2.jar;C:\Users\Danilka\.m2\repository\io\grpc\grpc-auth\1.62.2\grpc-auth-1.62.2.jar;C:\Users\Danilka\.m2\repository\com\google\api\grpc\proto-google-iam-v1\1.34.0\proto-google-iam-v1-1.34.0.jar;C:\Users\Danilka\.m2\repository\com\google\protobuf\protobuf-java-util\3.25.3\protobuf-java-util-3.25.3.jar;C:\Users\Danilka\.m2\repository\io\grpc\grpc-core\1.62.2\grpc-core-1.62.2.jar;C:\Users\Danilka\.m2\repository\com\google\android\annotations\4.1.1.4\annotations-4.1.1.4.jar;C:\Users\Danilka\.m2\repository\org\codehaus\mojo\animal-sniffer-annotations\1.23\animal-sniffer-annotations-1.23.jar;C:\Users\Danilka\.m2\repository\io\perfmark\perfmark-api\0.27.0\perfmark-api-0.27.0.jar;C:\Users\Danilka\.m2\repository\io\grpc\grpc-protobuf\1.62.2\grpc-protobuf-1.62.2.jar;C:\Users\Danilka\.m2\repository\io\grpc\grpc-protobuf-lite\1.62.2\grpc-protobuf-lite-1.62.2.jar;C:\Users\Danilka\.m2\repository\com\google\api\grpc\proto-google-common-protos\2.39.0\proto-google-common-protos-2.39.0.jar;C:\Users\Danilka\.m2\repository\org\threeten\threetenbp\1.6.9\threetenbp-1.6.9.jar;C:\Users\Danilka\.m2\repository\com\google\api\grpc\proto-google-cloud-storage-v2\2.38.0-alpha\proto-google-cloud-storage-v2-2.38.0-alpha.jar;C:\Users\Danilka\.m2\repository\com\google\api\grpc\grpc-google-cloud-storage-v2\2.38.0-alpha\grpc-google-cloud-storage-v2-2.38.0-alpha.jar;C:\Users\Danilka\.m2\repository\com\google\api\grpc\gapic-google-cloud-storage-v2\2.38.0-alpha\gapic-google-cloud-storage-v2-2.38.0-alpha.jar;C:\Users\Danilka\.m2\repository\io\grpc\grpc-api\1.62.2\grpc-api-1.62.2.jar;C:\Users\Danilka\.m2\repository\io\grpc\grpc-netty-shaded\1.62.2\grpc-netty-shaded-1.62.2.jar;C:\Users\Danilka\.m2\repository\io\grpc\grpc-util\1.62.2\grpc-util-1.62.2.jar;C:\Users\Danilka\.m2\repository\io\grpc\grpc-stub\1.62.2\grpc-stub-1.62.2.jar;C:\Users\Danilka\.m2\repository\io\grpc\grpc-googleapis\1.62.2\grpc-googleapis-1.62.2.jar;C:\Users\Danilka\.m2\repository\org\checkerframework\checker-qual\3.42.0\checker-qual-3.42.0.jar;C:\Users\Danilka\.m2\repository\io\grpc\grpc-xds\1.62.2\grpc-xds-1.62.2.jar;C:\Users\Danilka\.m2\repository\io\opencensus\opencensus-proto\0.2.0\opencensus-proto-0.2.0.jar;C:\Users\Danilka\.m2\repository\io\grpc\grpc-services\1.62.2\grpc-services-1.62.2.jar;C:\Users\Danilka\.m2\repository\com\google\re2j\re2j\1.7\re2j-1.7.jar;C:\Users\Danilka\.m2\repository\io\grpc\grpc-rls\1.62.2\grpc-rls-1.62.2.jar;C:\Users\Danilka\.m2\repository\com\google\cloud\proto-google-cloud-firestore-bundle-v1\3.21.1\proto-google-cloud-firestore-bundle-v1-3.21.1.jar;C:\Users\Danilka\.m2\repository\io\opencensus\opencensus-contrib-grpc-util\0.31.1\opencensus-contrib-grpc-util-0.31.1.jar;C:\Users\Danilka\.m2\repository\com\google\guava\guava\33.1.0-jre\guava-33.1.0-jre.jar;C:\Users\Danilka\.m2\repository\io\netty\netty-codec-http\4.1.109.Final\netty-codec-http-4.1.109.Final.jar;C:\Users\Danilka\.m2\repository\io\netty\netty-common\4.1.109.Final\netty-common-4.1.109.Final.jar;C:\Users\Danilka\.m2\repository\io\netty\netty-buffer\4.1.109.Final\netty-buffer-4.1.109.Final.jar;C:\Users\Danilka\.m2\repository\io\netty\netty-codec\4.1.109.Final\netty-codec-4.1.109.Final.jar;C:\Users\Danilka\.m2\repository\io\netty\netty-handler\4.1.109.Final\netty-handler-4.1.109.Final.jar;C:\Users\Danilka\.m2\repository\io\netty\netty-resolver\4.1.109.Final\netty-resolver-4.1.109.Final.jar;C:\Users\Danilka\.m2\repository\io\netty\netty-transport-native-unix-common\4.1.109.Final\netty-transport-native-unix-common-4.1.109.Final.jar;C:\Users\Danilka\.m2\repository\io\netty\netty-transport\4.1.109.Final\netty-transport-4.1.109.Final.jar;C:\Users\Danilka\.m2\repository\com\google\api-client\google-api-client\2.4.0\google-api-client-2.4.0.jar;C:\Users\Danilka\.m2\repository\commons-codec\commons-codec\1.16.1\commons-codec-1.16.1.jar;C:\Users\Danilka\.m2\repository\com\google\oauth-client\google-oauth-client\1.35.0\google-oauth-client-1.35.0.jar;C:\Users\Danilka\.m2\repository\com\google\http-client\google-http-client-gson\1.44.1\google-http-client-gson-1.44.1.jar;C:\Users\Danilka\.m2\repository\com\google\http-client\google-http-client-apache-v2\1.44.1\google-http-client-apache-v2-1.44.1.jar;C:\Users\Danilka\.m2\repository\org\apache\httpcomponents\httpcore\4.4.16\httpcore-4.4.16.jar;C:\Users\Danilka\.m2\repository\org\apache\httpcomponents\httpclient\4.5.14\httpclient-4.5.14.jar;C:\Users\Danilka\.m2\repository\commons-logging\commons-logging\1.2\commons-logging-1.2.jar;C:\Users\Danilka\.m2\repository\com\googlecode\json-simple\json-simple\1.1.1\json-simple-1.1.1.jar;C:\Users\Danilka\.m2\repository\junit\junit\4.10\junit-4.10.jar;C:\Users\Danilka\.m2\repository\org\hamcrest\hamcrest-core\1.1\hamcrest-core-1.1.jar;C:\Users\Danilka\IdeaProjects\Course_Work\lib\javax.websocket-api-1.1.jar
Launcher Type: SUN_STANDARD

[Global flags]
     intx CICompilerCount                          = 3                                         {product} {ergonomic}
     uint ConcGCThreads                            = 2                                         {product} {ergonomic}
     uint G1ConcRefinementThreads                  = 6                                         {product} {ergonomic}
   size_t G1HeapRegionSize                         = 1048576                                   {product} {ergonomic}
   size_t InitialHeapSize                          = 123731968                                 {product} {ergonomic}
   size_t MarkStackSize                            = 4194304                                   {product} {ergonomic}
   size_t MaxHeapSize                              = 1979711488                                {product} {ergonomic}
   size_t MaxNewSize                               = 1186988032                                {product} {ergonomic}
   size_t MinHeapDeltaBytes                        = 1048576                                   {product} {ergonomic}
   size_t MinHeapSize                              = 8388608                                   {product} {ergonomic}
    uintx NonNMethodCodeHeapSize                   = 5832780                                {pd product} {ergonomic}
    uintx NonProfiledCodeHeapSize                  = 122912730                              {pd product} {ergonomic}
    uintx ProfiledCodeHeapSize                     = 122912730                              {pd product} {ergonomic}
    uintx ReservedCodeCacheSize                    = 251658240                              {pd product} {ergonomic}
     bool SegmentedCodeCache                       = true                                      {product} {ergonomic}
   size_t SoftMaxHeapSize                          = 1979711488                             {manageable} {ergonomic}
     bool UseCompressedOops                        = true                           {product lp64_product} {ergonomic}
     bool UseG1GC                                  = true                                      {product} {ergonomic}
     bool UseLargePagesIndividualAllocation        = false                                  {pd product} {ergonomic}

Logging:
Log output configuration:
 #0: stdout all=warning uptime,level,tags foldmultilines=false
 #1: stderr all=off uptime,level,tags foldmultilines=false

Environment Variables:
PATH=C:\Program Files\nodejs\;C:\Windows\System32;C:\Windows\System32;C:\Users\Danilka\AppData\Local\Programs\Microsoft VS Code\bin;C:\Users\Danilka\AppData\Roaming\npm
USERNAME=Danilka
OS=Windows_NT
PROCESSOR_IDENTIFIER=AMD64 Family 23 Model 96 Stepping 1, AuthenticAMD
TMP=C:\Users\Danilka\AppData\Local\Temp
TEMP=C:\Users\Danilka\AppData\Local\Temp




Periodic native trim disabled

---------------  S Y S T E M  ---------------

OS:
 Windows 10 , 64 bit Build 19041 (10.0.19041.4717)
OS uptime: 5 days 20:14 hours

CPU: total 6 (initial active 6) (6 cores per cpu, 1 threads per core) family 23 model 96 stepping 1 microcode 0x0, cx8, cmov, fxsr, mmx, 3dnowpref, sse, sse2, sse3, ssse3, sse4a, sse4.1, sse4.2, popcnt, lzcnt, tsc, tscinvbit, avx, avx2, aes, clmul, bmi1, bmi2, adx, sha, fma, vzeroupper, clflush, clflushopt, rdtscp, rdpid, f16c
Processor Information for all 6 processors :
  Max Mhz: 2375, Current Mhz: 2375, Mhz Limit: 2375

Memory: 4k page, system-wide physical 7549M (1149M free)
TotalPageFile size 17549M (AvailPageFile size 3289M)
current process WorkingSet (physical memory assigned to process): 107M, peak: 107M
current process commit charge ("private bytes"): 246M, peak: 246M

vm_info: OpenJDK 64-Bit Server VM (22.0.2+9-70) for windows-amd64 JRE (22.0.2+9-70), built on 2024-06-04T16:52:23Z by "mach5one" with MS VC++ 17.6 (VS2022)

END.
