#
# A fatal error has been detected by the Java Runtime Environment:
#
#  EXCEPTION_ACCESS_VIOLATION (0xc0000005) at pc=0x00007ffb0d64b8c7, pid=10872, tid=12496
#
# JRE version: OpenJDK Runtime Environment JBR-17.0.11+1-1207.30-jcef (17.0.11+1) (build 17.0.11+1-b1207.30)
# Java VM: OpenJDK 64-Bit Server VM JBR-17.0.11+1-1207.30-jcef (17.0.11+1-b1207.30, mixed mode, tiered, compressed oops, compressed class ptrs, g1 gc, windows-amd64)
# Problematic frame:
# V  [jvm.dll+0x37b8c7]
#
# No core dump will be written. Minidumps are not enabled by default on client versions of Windows
#
# If you would like to submit a bug report, please visit:
#   https://youtrack.jetbrains.com/issues/JBR
#

---------------  S U M M A R Y ------------

Command Line: git4idea.http.GitAskPassApp Username for 'https://github.com': 

Host: AMD Ryzen 5 4500U with Radeon Graphics         , 6 cores, 7G,  Windows 10 , 64 bit Build 19041 (10.0.19041.4717)
Time: Sun Sep  1 04:02:49 2024  Windows 10 , 64 bit Build 19041 (10.0.19041.4717) elapsed time: 0.283158 seconds (0d 0h 0m 0s)

---------------  T H R E A D  ---------------

Current thread (0x000001ddec790130):  JavaThread "main" [_thread_in_vm, id=12496, stack(0x0000001fd1300000,0x0000001fd1400000)]

Stack: [0x0000001fd1300000,0x0000001fd1400000],  sp=0x0000001fd13fede0,  free space=1019k
Native frames: (J=compiled Java code, j=interpreted, Vv=VM code, C=native code)
V  [jvm.dll+0x37b8c7]
V  [jvm.dll+0x56dd5c]
V  [jvm.dll+0x56b94e]
V  [jvm.dll+0x56e5db]
V  [jvm.dll+0x56d4d4]
V  [jvm.dll+0x38a022]
V  [jvm.dll+0x38968f]
C  0x000001dd8754a539

The last pc belongs to invokestatic (printed below).
Java frames: (J=compiled Java code, j=interpreted, Vv=VM code)
j  jdk.internal.net.http.HttpClientImpl.<init>(Ljdk/internal/net/http/HttpClientBuilderImpl;Ljdk/internal/net/http/HttpClientImpl$SingleFacadeFactory;)V+14 java.net.http@17.0.11
j  jdk.internal.net.http.HttpClientImpl.create(Ljdk/internal/net/http/HttpClientBuilderImpl;)Ljdk/internal/net/http/HttpClientFacade;+14 java.net.http@17.0.11
j  jdk.internal.net.http.HttpClientBuilderImpl.build()Ljava/net/http/HttpClient;+1 java.net.http@17.0.11
j  externalApp.ExternalAppUtil.sendIdeRequest(Ljava/lang/String;ILjava/lang/String;Ljava/lang/String;)LexternalApp/ExternalAppUtil$Result;+77
j  git4idea.http.GitAskPassApp.main([Ljava/lang/String;)V+37
v  ~StubRoutines::call_stub

siginfo: EXCEPTION_ACCESS_VIOLATION (0xc0000005), reading address 0xffffffffffffffff


Registers:
RAX=0x000001ddf991f030, RBX=0x000001ddf991dbe8, RCX=0x000101ddf991db10, RDX=0x0000000000000012
RSP=0x0000001fd13fede0, RBP=0x000001ddf9917328, RSI=0x0000000000000000, RDI=0x0000000000000001
R8 =0x000001ddf991f090, R9 =0x000001ddf99173c0, R10=0x0000000000000012, R11=0x0000000000000013
R12=0x000001ddfd52cb60, R13=0x00000001000cc720, R14=0x000001ddfd234490, R15=0x000001ddfd52cb60
RIP=0x00007ffb0d64b8c7, EFLAGS=0x0000000000010216


Register to memory mapping:

RIP=0x00007ffb0d64b8c7 jvm.dll
RAX=0x000001ddf991f030 is pointing into metadata
RBX={method} {0x000001ddf991dbf0} 
[error occurred during error reporting (printing register info), id 0xc0000005, EXCEPTION_ACCESS_VIOLATION (0xc0000005) at pc=0x00007ffb0d90b23a]

Top of Stack: (sp=0x0000001fd13fede0)
0x0000001fd13fede0:   000001ddfd1c6580 00007ffb0d8199a2
0x0000001fd13fedf0:   000001ddf992e448 000001ddf992e2f8
0x0000001fd13fee00:   00000001000cc720 000001ddfd234490
0x0000001fd13fee10:   000001ddf9912146 00007ffb0d83dd5c
0x0000001fd13fee20:   0000000000000000 0000001fd13fef20
0x0000001fd13fee30:   000001ddec790130 0000001fd13ff188
0x0000001fd13fee40:   0000000100000000 00007ffb0d644505
0x0000001fd13fee50:   00000001000cf670 00000001000cf670
0x0000001fd13fee60:   00000000000000b5 00000001000cf670
0x0000001fd13fee70:   000001ddfd3f5f40 00007ffb0d83c96c
0x0000001fd13fee80:   000001ddec790130 000001ddec790130
0x0000001fd13fee90:   000001ddfd3f5f40 0000001fd13fef80
0x0000001fd13feea0:   000001ddec790130 0000001fd13ff150
0x0000001fd13feeb0:   000001ddf992e4a9 0000000000000000
0x0000001fd13feec0:   0000001fd1010100 000001ddfd3f5f40
0x0000001fd13feed0:   00000001000410c0 000001ddf992e4b8
0x0000001fd13feee0:   000001ddfd1c6580 000001ddec65cfb0
0x0000001fd13feef0:   000001ddec676900 00007ffb0d511ab1
0x0000001fd13fef00:   00000001000410c0 000001ddec676900
0x0000001fd13fef10:   000001ddec790130 000001ddec790130
0x0000001fd13fef20:   000001ddec790130 000001ddec790130
0x0000001fd13fef30:   000001ddf992e4a9 0000001fd13ff0e0
0x0000001fd13fef40:   0000000000000000 000001ddec790130
0x0000001fd13fef50:   0000361677932deb 00007ffb0d511c6c
0x0000001fd13fef60:   0000001fd13ff188 0000001fd13ff290
0x0000001fd13fef70:   000001ddf9912146 0000000000000000
0x0000001fd13fef80:   000001ddec790130 000001ddec790130
0x0000001fd13fef90:   0000000000000001 00007ffb0d83b94e
0x0000001fd13fefa0:   0000001fd13ff060 000001ddec790130
0x0000001fd13fefb0:   000001ddf992e2f8 000001ddec790130
0x0000001fd13fefc0:   0000361677932d4b 00007ffb0d83a4d1
0x0000001fd13fefd0:   000001ddec790101 000001ddf992e4ae 

Instructions: (pc=0x00007ffb0d64b8c7)
0x00007ffb0d64b7c7:   39 0b 7e 1f 41 8b c9 66 90 48 8b 53 08 48 8d 49
0x00007ffb0d64b7d7:   04 41 ff c1 44 8b 44 11 fc 44 89 44 01 fc 44 3b
0x00007ffb0d64b7e7:   0b 7c e6 48 8b 5c 24 30 48 89 87 e0 00 00 00 48
0x00007ffb0d64b7f7:   83 c4 20 5f c3 cc cc cc cc 48 89 5c 24 08 48 89
0x00007ffb0d64b807:   6c 24 10 48 89 74 24 18 48 89 7c 24 20 41 55 41
0x00007ffb0d64b817:   56 41 57 48 83 ec 20 41 8b f9 4d 8b f8 4c 8b f2
0x00007ffb0d64b827:   4c 8b e9 48 85 c9 0f 84 77 01 00 00 8b 74 24 60
0x00007ffb0d64b837:   66 0f 1f 84 00 00 00 00 00 49 8b ad b8 01 00 00
0x00007ffb0d64b847:   49 8b d6 48 8b cd e8 ee ee ff ff 4c 63 d8 41 83
0x00007ffb0d64b857:   fb ff 0f 84 39 01 00 00 4e 8b 44 dd 08 49 8b 40
0x00007ffb0d64b867:   08 0f b7 50 24 48 8b 48 08 4c 39 7c d1 48 75 29
0x00007ffb0d64b877:   83 ff 01 75 0c 0f b6 40 1c c0 e8 06 40 84 c7 75
0x00007ffb0d64b887:   18 83 fe 01 0f 85 f5 00 00 00 41 8b 40 28 d1 e8
0x00007ffb0d64b897:   40 84 c6 0f 84 e6 00 00 00 45 8d 53 ff 49 63 d2
0x00007ffb0d64b8a7:   45 85 d2 78 6a 4c 8d 0c d5 08 00 00 00 4c 03 cd
0x00007ffb0d64b8b7:   66 0f 1f 84 00 00 00 00 00 49 8b 19 48 8b 4b 08
0x00007ffb0d64b8c7:   4c 8b 41 08 0f b7 41 22 4d 39 74 c0 48 75 40 0f
0x00007ffb0d64b8d7:   b7 41 24 4d 39 7c c0 48 75 28 83 ff 01 75 0c 0f
0x00007ffb0d64b8e7:   b6 41 1c c0 e8 06 40 84 c7 75 17 83 fe 01 0f 85
0x00007ffb0d64b8f7:   88 00 00 00 8b 43 28 d1 e8 40 84 c6 0f 84 7a 00
0x00007ffb0d64b907:   00 00 41 ff ca 49 83 e9 08 48 83 ea 01 79 aa 48
0x00007ffb0d64b917:   63 5d 00 41 ff c3 49 63 d3 48 3b d3 7d 73 4c 8d
0x00007ffb0d64b927:   0c d5 08 00 00 00 4c 03 cd 4d 8b 11 49 8b 4a 08
0x00007ffb0d64b937:   4c 8b 41 08 0f b7 41 22 4d 39 74 c0 48 75 52 0f
0x00007ffb0d64b947:   b7 41 24 4d 39 7c c0 48 75 21 83 ff 01 75 0c 0f
0x00007ffb0d64b957:   b6 41 1c c0 e8 06 40 84 c7 75 10 83 fe 01 75 1f
0x00007ffb0d64b967:   41 8b 42 28 d1 e8 40 84 c6 74 14 41 ff c3 48 ff
0x00007ffb0d64b977:   c2 49 83 c1 08 48 3b d3 7c af eb 15 45 8b da 45
0x00007ffb0d64b987:   85 db 78 0d 49 63 c3 48 8b 44 c5 08 48 85 c0 75
0x00007ffb0d64b997:   14 4d 8b 6d 78 bf 01 00 00 00 4d 85 ed 0f 85 96
0x00007ffb0d64b9a7:   fe ff ff 33 c0 48 8b 5c 24 40 48 8b 6c 24 48 48
0x00007ffb0d64b9b7:   8b 74 24 50 48 8b 7c 24 58 48 83 c4 20 41 5f 41 


Stack slot to memory mapping:
stack at sp + 0 slots: 0x000001ddfd1c6580 points into unknown readable memory: 0x72610005b5dbffff | ff ff db b5 05 00 61 72
stack at sp + 1 slots: 0x00007ffb0d8199a2 jvm.dll
stack at sp + 2 slots: 0x000001ddf992e448 is pointing into metadata
stack at sp + 3 slots: 0x000001ddf992e2f8 is pointing into metadata
stack at sp + 4 slots: 0x00000001000cc720 is a pointer to class: 
jdk.internal.net.http.common.Utils {0x00000001000cc728}
 - instance size:     2
 - klass size:        69
 - access:            public final synchronized 
 - state:             fully_initialized
 - name:              'jdk/internal/net/http/common/Utils'
 - super:             'java/lang/Object'
 - sub:               
 - arrays:            NULL
 - methods:           Array<T>(0x000001ddf9917328)
 - method ordering:   Array<T>(0x000001ddf9000018)
 - default_methods:   Array<T>(0x0000000000000000)
 - local interfaces:  Array<T>(0x000001ddf9000058)
 - trans. interfaces: Array<T>(0x000001ddf9000058)
 - constants:         constant pool [1320]/operands[145] {0x000001ddf9919938} for 'jdk/internal/net/http/common/Utils' cache=0x000001ddf9921d90
 - class loader data:  loader data: 0x000001ddfd00afd0 for instance a 'jdk/internal/loader/ClassLoaders$PlatformClassLoader'{0x0000000091552330}
 - source file:       'Utils.java'
 - class annotations:       Array<T>(0x0000000000000000)
 - class type annotations:  Array<T>(0x0000000000000000)
 - field annotations:       Array<T>(0x0000000000000000)
 - field type annotations:  Array<T>(0x0000000000000000)
 - inner classes:     Array<T>(0x000001ddf9920c18)
 - nest members:     Array<T>(0x000001ddf9920c58)
 - permitted subclasses:     Array<T>(0x000001ddf9000028)
 - java mirror:       a 'java/lang/Class'{0x00000000911a3038} = 'jdk/internal/net/http/common/Utils'
 - vtable length      5  (start addr: 0x00000001000cc910)
 - itable length      2 (start addr: 0x00000001000cc938)
 - ---- static fields (14 words):
 - public static final 'ASSERTIONSENABLED' 'Z' @212 
 - public static final 'DEBUG' 'Z' @213 
 - public static final 'DEBUG_WS' 'Z' @214 
 - public static final 'DEBUG_HPACK' 'Z' @215 
 - public static final 'TESTING' 'Z' @216 
 - public static final 'isHostnameVerificationDisabled' 'Z' @217 
 - private static final 'DEFAULT_BUFSIZE' 'I' @200 
 - public static final 'BUFSIZE' 'I' @204 
 - public static final 'ACCEPT_ALL' 'Ljava/util/function/BiPredicate;' @112 
 - private static final 'DISALLOWED_HEADERS_SET' 'Ljava/util/Set;' @116 
 - public static final 'ALLOWED_HEADERS' 'Ljava/util/function/BiPredicate;' @120 
 - public static final 'VALIDATE_USER_HEADER' 'Ljava/util/function/BiPredicate;' @124 
 - private static final 'HOST_RESTRICTED' 'Ljava/util/function/BiPredicate;' @128 
 - private static final 'IS_HOST' 'Ljava/util/function/Predicate;' @132 
 - private static final 'IS_PROXY_HEADER' 'Ljava/util/function/Predicate;' @136 
 - private static final 'NO_PROXY_HEADER' 'Ljava/util/function/Predicate;' @140 
 - private static final 'ALL_HEADERS' 'Ljava/util/function/Predicate;' @144 
 - private static final 'PROXY_AUTH_DISABLED_SCHEMES' 'Ljava/util/Set;' @148 
 - private static final 'PROXY_AUTH_TUNNEL_DISABLED_SCHEMES' 'Ljava/util/Set;' @152 
 - private static final 'WSPACES' 'Ljava/lang/String;' @156 
 - public static final 'PROXY_TUNNEL_FILTER' 'Ljava/util/function/BiPredicate;' @160 
 - public static final 'PROXY_FILTER' 'Ljava/util/function/BiPredicate;' @164 
 - public static final 'NO_PROXY_HEADERS_FILTER' 'Ljava/util/function/BiPredicate;' @168 
 - private static final 'HEADER_CONNECTION' 'Ljava/lang/String;' @172 
 - private static final 'HEADER_UPGRADE' 'Ljava/lang/String;' @176 
 - private static final 'tchar' '[Z' @180 
 - private static final 'fieldvchar' '[Z' @184 
 - private static final 'COPY_THRESHOLD' 'I' @208 
 - public static final 'EMPTY_BYTEBUFFER' 'Ljava/nio/ByteBuffer;' @188 
 - public static final 'EMPTY_BB_ARRAY' '[Ljava/nio/ByteBuffer;' @192 
 - public static final 'EMPTY_BB_LIST' 'Ljava/util/List;' @196 
 - static final synthetic '$assertionsDisabled' 'Z' @218 
 - ---- non-static fields (0 words):
 - non-static oop maps: 
stack at sp + 5 slots: 0x000001ddfd234490 points into unknown readable memory: 0x6567000e9d4a0002 | 02 00 4a 9d 0e 00 67 65
stack at sp + 6 slots: 0x000001ddf9912146 is pointing into metadata
stack at sp + 7 slots: 0x00007ffb0d83dd5c jvm.dll


---------------  P R O C E S S  ---------------

Threads class SMR info:
_java_thread_list=0x000001ddfd20ec90, length=12, elements={
0x000001ddec790130, 0x000001ddf8e44e10, 0x000001ddf8e45fb0, 0x000001ddfd0331a0,
0x000001ddfd033a70, 0x000001ddfd034340, 0x000001ddfd043bd0, 0x000001ddfd044de0,
0x000001ddfd048920, 0x000001ddfd04bc60, 0x000001ddfd1ecd30, 0x000001ddfd210310
}

Java Threads: ( => current thread )
=>0x000001ddec790130 JavaThread "main" [_thread_in_vm, id=12496, stack(0x0000001fd1300000,0x0000001fd1400000)]
  0x000001ddf8e44e10 JavaThread "Reference Handler" daemon [_thread_blocked, id=13448, stack(0x0000001fd1a00000,0x0000001fd1b00000)]
  0x000001ddf8e45fb0 JavaThread "Finalizer" daemon [_thread_blocked, id=10260, stack(0x0000001fd1b00000,0x0000001fd1c00000)]
  0x000001ddfd0331a0 JavaThread "Signal Dispatcher" daemon [_thread_blocked, id=11156, stack(0x0000001fd1c00000,0x0000001fd1d00000)]
  0x000001ddfd033a70 JavaThread "Attach Listener" daemon [_thread_blocked, id=7724, stack(0x0000001fd1d00000,0x0000001fd1e00000)]
  0x000001ddfd034340 JavaThread "Service Thread" daemon [_thread_blocked, id=11328, stack(0x0000001fd1e00000,0x0000001fd1f00000)]
  0x000001ddfd043bd0 JavaThread "Monitor Deflation Thread" daemon [_thread_blocked, id=9704, stack(0x0000001fd1f00000,0x0000001fd2000000)]
  0x000001ddfd044de0 JavaThread "C2 CompilerThread0" daemon [_thread_blocked, id=11172, stack(0x0000001fd2000000,0x0000001fd2100000)]
  0x000001ddfd048920 JavaThread "C1 CompilerThread0" daemon [_thread_blocked, id=15324, stack(0x0000001fd2100000,0x0000001fd2200000)]
  0x000001ddfd04bc60 JavaThread "Sweeper thread" daemon [_thread_blocked, id=7868, stack(0x0000001fd2200000,0x0000001fd2300000)]
  0x000001ddfd1ecd30 JavaThread "Notification Thread" daemon [_thread_blocked, id=6636, stack(0x0000001fd2300000,0x0000001fd2400000)]
  0x000001ddfd210310 JavaThread "Common-Cleaner" daemon [_thread_blocked, id=8792, stack(0x0000001fd2500000,0x0000001fd2600000)]

Other Threads:
  0x000001ddf8e41a20 VMThread "VM Thread" [stack: 0x0000001fd1900000,0x0000001fd1a00000] [id=7712]
  0x000001ddfd1ed210 WatcherThread [stack: 0x0000001fd2400000,0x0000001fd2500000] [id=10916]
  0x000001ddec7e5710 GCTaskThread "GC Thread#0" [stack: 0x0000001fd1400000,0x0000001fd1500000] [id=11616]
  0x000001ddec7f5170 ConcurrentGCThread "G1 Main Marker" [stack: 0x0000001fd1500000,0x0000001fd1600000] [id=16048]
  0x000001ddec7f5aa0 ConcurrentGCThread "G1 Conc#0" [stack: 0x0000001fd1600000,0x0000001fd1700000] [id=5412]
  0x000001ddf8c98140 ConcurrentGCThread "G1 Refine#0" [stack: 0x0000001fd1700000,0x0000001fd1800000] [id=11332]
  0x000001ddf8c9a990 ConcurrentGCThread "G1 Service" [stack: 0x0000001fd1800000,0x0000001fd1900000] [id=1076]

Threads with active compile tasks:

VM state: not at safepoint (normal execution)

VM Mutex/Monitor currently owned by a thread: None

Heap address: 0x000000008a000000, size: 1888 MB, Compressed Oops mode: 32-bit

CDS archive(s) not mapped
Compressed class space mapped at: 0x0000000100000000-0x0000000140000000, reserved size: 1073741824
Narrow klass base: 0x0000000000000000, Narrow klass shift: 3, Narrow klass range: 0x140000000

GC Precious Log:
 CPUs: 6 total, 6 available
 Memory: 7549M
 Large Page Support: Disabled
 NUMA Support: Disabled
 Compressed Oops: Enabled (32-bit)
 Heap Region Size: 1M
 Heap Min Capacity: 8M
 Heap Initial Capacity: 118M
 Heap Max Capacity: 1888M
 Pre-touch: Disabled
 Parallel Workers: 6
 Concurrent Workers: 2
 Concurrent Refinement Workers: 6
 Periodic GC: Disabled

Heap:
 garbage-first heap   total 120832K, used 5120K [0x000000008a000000, 0x0000000100000000)
  region size 1024K, 6 young (6144K), 0 survivors (0K)
 Metaspace       used 10465K, committed 10560K, reserved 1114112K
  class space    used 989K, committed 1024K, reserved 1048576K

Heap Regions: E=young(eden), S=young(survivor), O=old, HS=humongous(starts), HC=humongous(continues), CS=collection set, F=free, OA=open archive, CA=closed archive, TAMS=top-at-mark-start (previous, next)
|   0|0x000000008a000000, 0x000000008a000000, 0x000000008a100000|  0%| F|  |TAMS 0x000000008a000000, 0x000000008a000000| Untracked 
|   1|0x000000008a100000, 0x000000008a100000, 0x000000008a200000|  0%| F|  |TAMS 0x000000008a100000, 0x000000008a100000| Untracked 
|   2|0x000000008a200000, 0x000000008a200000, 0x000000008a300000|  0%| F|  |TAMS 0x000000008a200000, 0x000000008a200000| Untracked 
|   3|0x000000008a300000, 0x000000008a300000, 0x000000008a400000|  0%| F|  |TAMS 0x000000008a300000, 0x000000008a300000| Untracked 
|   4|0x000000008a400000, 0x000000008a400000, 0x000000008a500000|  0%| F|  |TAMS 0x000000008a400000, 0x000000008a400000| Untracked 
|   5|0x000000008a500000, 0x000000008a500000, 0x000000008a600000|  0%| F|  |TAMS 0x000000008a500000, 0x000000008a500000| Untracked 
|   6|0x000000008a600000, 0x000000008a600000, 0x000000008a700000|  0%| F|  |TAMS 0x000000008a600000, 0x000000008a600000| Untracked 
|   7|0x000000008a700000, 0x000000008a700000, 0x000000008a800000|  0%| F|  |TAMS 0x000000008a700000, 0x000000008a700000| Untracked 
|   8|0x000000008a800000, 0x000000008a800000, 0x000000008a900000|  0%| F|  |TAMS 0x000000008a800000, 0x000000008a800000| Untracked 
|   9|0x000000008a900000, 0x000000008a900000, 0x000000008aa00000|  0%| F|  |TAMS 0x000000008a900000, 0x000000008a900000| Untracked 
|  10|0x000000008aa00000, 0x000000008aa00000, 0x000000008ab00000|  0%| F|  |TAMS 0x000000008aa00000, 0x000000008aa00000| Untracked 
|  11|0x000000008ab00000, 0x000000008ab00000, 0x000000008ac00000|  0%| F|  |TAMS 0x000000008ab00000, 0x000000008ab00000| Untracked 
|  12|0x000000008ac00000, 0x000000008ac00000, 0x000000008ad00000|  0%| F|  |TAMS 0x000000008ac00000, 0x000000008ac00000| Untracked 
|  13|0x000000008ad00000, 0x000000008ad00000, 0x000000008ae00000|  0%| F|  |TAMS 0x000000008ad00000, 0x000000008ad00000| Untracked 
|  14|0x000000008ae00000, 0x000000008ae00000, 0x000000008af00000|  0%| F|  |TAMS 0x000000008ae00000, 0x000000008ae00000| Untracked 
|  15|0x000000008af00000, 0x000000008af00000, 0x000000008b000000|  0%| F|  |TAMS 0x000000008af00000, 0x000000008af00000| Untracked 
|  16|0x000000008b000000, 0x000000008b000000, 0x000000008b100000|  0%| F|  |TAMS 0x000000008b000000, 0x000000008b000000| Untracked 
|  17|0x000000008b100000, 0x000000008b100000, 0x000000008b200000|  0%| F|  |TAMS 0x000000008b100000, 0x000000008b100000| Untracked 
|  18|0x000000008b200000, 0x000000008b200000, 0x000000008b300000|  0%| F|  |TAMS 0x000000008b200000, 0x000000008b200000| Untracked 
|  19|0x000000008b300000, 0x000000008b300000, 0x000000008b400000|  0%| F|  |TAMS 0x000000008b300000, 0x000000008b300000| Untracked 
|  20|0x000000008b400000, 0x000000008b400000, 0x000000008b500000|  0%| F|  |TAMS 0x000000008b400000, 0x000000008b400000| Untracked 
|  21|0x000000008b500000, 0x000000008b500000, 0x000000008b600000|  0%| F|  |TAMS 0x000000008b500000, 0x000000008b500000| Untracked 
|  22|0x000000008b600000, 0x000000008b600000, 0x000000008b700000|  0%| F|  |TAMS 0x000000008b600000, 0x000000008b600000| Untracked 
|  23|0x000000008b700000, 0x000000008b700000, 0x000000008b800000|  0%| F|  |TAMS 0x000000008b700000, 0x000000008b700000| Untracked 
|  24|0x000000008b800000, 0x000000008b800000, 0x000000008b900000|  0%| F|  |TAMS 0x000000008b800000, 0x000000008b800000| Untracked 
|  25|0x000000008b900000, 0x000000008b900000, 0x000000008ba00000|  0%| F|  |TAMS 0x000000008b900000, 0x000000008b900000| Untracked 
|  26|0x000000008ba00000, 0x000000008ba00000, 0x000000008bb00000|  0%| F|  |TAMS 0x000000008ba00000, 0x000000008ba00000| Untracked 
|  27|0x000000008bb00000, 0x000000008bb00000, 0x000000008bc00000|  0%| F|  |TAMS 0x000000008bb00000, 0x000000008bb00000| Untracked 
|  28|0x000000008bc00000, 0x000000008bc00000, 0x000000008bd00000|  0%| F|  |TAMS 0x000000008bc00000, 0x000000008bc00000| Untracked 
|  29|0x000000008bd00000, 0x000000008bd00000, 0x000000008be00000|  0%| F|  |TAMS 0x000000008bd00000, 0x000000008bd00000| Untracked 
|  30|0x000000008be00000, 0x000000008be00000, 0x000000008bf00000|  0%| F|  |TAMS 0x000000008be00000, 0x000000008be00000| Untracked 
|  31|0x000000008bf00000, 0x000000008bf00000, 0x000000008c000000|  0%| F|  |TAMS 0x000000008bf00000, 0x000000008bf00000| Untracked 
|  32|0x000000008c000000, 0x000000008c000000, 0x000000008c100000|  0%| F|  |TAMS 0x000000008c000000, 0x000000008c000000| Untracked 
|  33|0x000000008c100000, 0x000000008c100000, 0x000000008c200000|  0%| F|  |TAMS 0x000000008c100000, 0x000000008c100000| Untracked 
|  34|0x000000008c200000, 0x000000008c200000, 0x000000008c300000|  0%| F|  |TAMS 0x000000008c200000, 0x000000008c200000| Untracked 
|  35|0x000000008c300000, 0x000000008c300000, 0x000000008c400000|  0%| F|  |TAMS 0x000000008c300000, 0x000000008c300000| Untracked 
|  36|0x000000008c400000, 0x000000008c400000, 0x000000008c500000|  0%| F|  |TAMS 0x000000008c400000, 0x000000008c400000| Untracked 
|  37|0x000000008c500000, 0x000000008c500000, 0x000000008c600000|  0%| F|  |TAMS 0x000000008c500000, 0x000000008c500000| Untracked 
|  38|0x000000008c600000, 0x000000008c600000, 0x000000008c700000|  0%| F|  |TAMS 0x000000008c600000, 0x000000008c600000| Untracked 
|  39|0x000000008c700000, 0x000000008c700000, 0x000000008c800000|  0%| F|  |TAMS 0x000000008c700000, 0x000000008c700000| Untracked 
|  40|0x000000008c800000, 0x000000008c800000, 0x000000008c900000|  0%| F|  |TAMS 0x000000008c800000, 0x000000008c800000| Untracked 
|  41|0x000000008c900000, 0x000000008c900000, 0x000000008ca00000|  0%| F|  |TAMS 0x000000008c900000, 0x000000008c900000| Untracked 
|  42|0x000000008ca00000, 0x000000008ca00000, 0x000000008cb00000|  0%| F|  |TAMS 0x000000008ca00000, 0x000000008ca00000| Untracked 
|  43|0x000000008cb00000, 0x000000008cb00000, 0x000000008cc00000|  0%| F|  |TAMS 0x000000008cb00000, 0x000000008cb00000| Untracked 
|  44|0x000000008cc00000, 0x000000008cc00000, 0x000000008cd00000|  0%| F|  |TAMS 0x000000008cc00000, 0x000000008cc00000| Untracked 
|  45|0x000000008cd00000, 0x000000008cd00000, 0x000000008ce00000|  0%| F|  |TAMS 0x000000008cd00000, 0x000000008cd00000| Untracked 
|  46|0x000000008ce00000, 0x000000008ce00000, 0x000000008cf00000|  0%| F|  |TAMS 0x000000008ce00000, 0x000000008ce00000| Untracked 
|  47|0x000000008cf00000, 0x000000008cf00000, 0x000000008d000000|  0%| F|  |TAMS 0x000000008cf00000, 0x000000008cf00000| Untracked 
|  48|0x000000008d000000, 0x000000008d000000, 0x000000008d100000|  0%| F|  |TAMS 0x000000008d000000, 0x000000008d000000| Untracked 
|  49|0x000000008d100000, 0x000000008d100000, 0x000000008d200000|  0%| F|  |TAMS 0x000000008d100000, 0x000000008d100000| Untracked 
|  50|0x000000008d200000, 0x000000008d200000, 0x000000008d300000|  0%| F|  |TAMS 0x000000008d200000, 0x000000008d200000| Untracked 
|  51|0x000000008d300000, 0x000000008d300000, 0x000000008d400000|  0%| F|  |TAMS 0x000000008d300000, 0x000000008d300000| Untracked 
|  52|0x000000008d400000, 0x000000008d400000, 0x000000008d500000|  0%| F|  |TAMS 0x000000008d400000, 0x000000008d400000| Untracked 
|  53|0x000000008d500000, 0x000000008d500000, 0x000000008d600000|  0%| F|  |TAMS 0x000000008d500000, 0x000000008d500000| Untracked 
|  54|0x000000008d600000, 0x000000008d600000, 0x000000008d700000|  0%| F|  |TAMS 0x000000008d600000, 0x000000008d600000| Untracked 
|  55|0x000000008d700000, 0x000000008d700000, 0x000000008d800000|  0%| F|  |TAMS 0x000000008d700000, 0x000000008d700000| Untracked 
|  56|0x000000008d800000, 0x000000008d800000, 0x000000008d900000|  0%| F|  |TAMS 0x000000008d800000, 0x000000008d800000| Untracked 
|  57|0x000000008d900000, 0x000000008d900000, 0x000000008da00000|  0%| F|  |TAMS 0x000000008d900000, 0x000000008d900000| Untracked 
|  58|0x000000008da00000, 0x000000008da00000, 0x000000008db00000|  0%| F|  |TAMS 0x000000008da00000, 0x000000008da00000| Untracked 
|  59|0x000000008db00000, 0x000000008db00000, 0x000000008dc00000|  0%| F|  |TAMS 0x000000008db00000, 0x000000008db00000| Untracked 
|  60|0x000000008dc00000, 0x000000008dc00000, 0x000000008dd00000|  0%| F|  |TAMS 0x000000008dc00000, 0x000000008dc00000| Untracked 
|  61|0x000000008dd00000, 0x000000008dd00000, 0x000000008de00000|  0%| F|  |TAMS 0x000000008dd00000, 0x000000008dd00000| Untracked 
|  62|0x000000008de00000, 0x000000008de00000, 0x000000008df00000|  0%| F|  |TAMS 0x000000008de00000, 0x000000008de00000| Untracked 
|  63|0x000000008df00000, 0x000000008df00000, 0x000000008e000000|  0%| F|  |TAMS 0x000000008df00000, 0x000000008df00000| Untracked 
|  64|0x000000008e000000, 0x000000008e000000, 0x000000008e100000|  0%| F|  |TAMS 0x000000008e000000, 0x000000008e000000| Untracked 
|  65|0x000000008e100000, 0x000000008e100000, 0x000000008e200000|  0%| F|  |TAMS 0x000000008e100000, 0x000000008e100000| Untracked 
|  66|0x000000008e200000, 0x000000008e200000, 0x000000008e300000|  0%| F|  |TAMS 0x000000008e200000, 0x000000008e200000| Untracked 
|  67|0x000000008e300000, 0x000000008e300000, 0x000000008e400000|  0%| F|  |TAMS 0x000000008e300000, 0x000000008e300000| Untracked 
|  68|0x000000008e400000, 0x000000008e400000, 0x000000008e500000|  0%| F|  |TAMS 0x000000008e400000, 0x000000008e400000| Untracked 
|  69|0x000000008e500000, 0x000000008e500000, 0x000000008e600000|  0%| F|  |TAMS 0x000000008e500000, 0x000000008e500000| Untracked 
|  70|0x000000008e600000, 0x000000008e600000, 0x000000008e700000|  0%| F|  |TAMS 0x000000008e600000, 0x000000008e600000| Untracked 
|  71|0x000000008e700000, 0x000000008e700000, 0x000000008e800000|  0%| F|  |TAMS 0x000000008e700000, 0x000000008e700000| Untracked 
|  72|0x000000008e800000, 0x000000008e800000, 0x000000008e900000|  0%| F|  |TAMS 0x000000008e800000, 0x000000008e800000| Untracked 
|  73|0x000000008e900000, 0x000000008e900000, 0x000000008ea00000|  0%| F|  |TAMS 0x000000008e900000, 0x000000008e900000| Untracked 
|  74|0x000000008ea00000, 0x000000008ea00000, 0x000000008eb00000|  0%| F|  |TAMS 0x000000008ea00000, 0x000000008ea00000| Untracked 
|  75|0x000000008eb00000, 0x000000008eb00000, 0x000000008ec00000|  0%| F|  |TAMS 0x000000008eb00000, 0x000000008eb00000| Untracked 
|  76|0x000000008ec00000, 0x000000008ec00000, 0x000000008ed00000|  0%| F|  |TAMS 0x000000008ec00000, 0x000000008ec00000| Untracked 
|  77|0x000000008ed00000, 0x000000008ed00000, 0x000000008ee00000|  0%| F|  |TAMS 0x000000008ed00000, 0x000000008ed00000| Untracked 
|  78|0x000000008ee00000, 0x000000008ee00000, 0x000000008ef00000|  0%| F|  |TAMS 0x000000008ee00000, 0x000000008ee00000| Untracked 
|  79|0x000000008ef00000, 0x000000008ef00000, 0x000000008f000000|  0%| F|  |TAMS 0x000000008ef00000, 0x000000008ef00000| Untracked 
|  80|0x000000008f000000, 0x000000008f000000, 0x000000008f100000|  0%| F|  |TAMS 0x000000008f000000, 0x000000008f000000| Untracked 
|  81|0x000000008f100000, 0x000000008f100000, 0x000000008f200000|  0%| F|  |TAMS 0x000000008f100000, 0x000000008f100000| Untracked 
|  82|0x000000008f200000, 0x000000008f200000, 0x000000008f300000|  0%| F|  |TAMS 0x000000008f200000, 0x000000008f200000| Untracked 
|  83|0x000000008f300000, 0x000000008f300000, 0x000000008f400000|  0%| F|  |TAMS 0x000000008f300000, 0x000000008f300000| Untracked 
|  84|0x000000008f400000, 0x000000008f400000, 0x000000008f500000|  0%| F|  |TAMS 0x000000008f400000, 0x000000008f400000| Untracked 
|  85|0x000000008f500000, 0x000000008f500000, 0x000000008f600000|  0%| F|  |TAMS 0x000000008f500000, 0x000000008f500000| Untracked 
|  86|0x000000008f600000, 0x000000008f600000, 0x000000008f700000|  0%| F|  |TAMS 0x000000008f600000, 0x000000008f600000| Untracked 
|  87|0x000000008f700000, 0x000000008f700000, 0x000000008f800000|  0%| F|  |TAMS 0x000000008f700000, 0x000000008f700000| Untracked 
|  88|0x000000008f800000, 0x000000008f800000, 0x000000008f900000|  0%| F|  |TAMS 0x000000008f800000, 0x000000008f800000| Untracked 
|  89|0x000000008f900000, 0x000000008f900000, 0x000000008fa00000|  0%| F|  |TAMS 0x000000008f900000, 0x000000008f900000| Untracked 
|  90|0x000000008fa00000, 0x000000008fa00000, 0x000000008fb00000|  0%| F|  |TAMS 0x000000008fa00000, 0x000000008fa00000| Untracked 
|  91|0x000000008fb00000, 0x000000008fb00000, 0x000000008fc00000|  0%| F|  |TAMS 0x000000008fb00000, 0x000000008fb00000| Untracked 
|  92|0x000000008fc00000, 0x000000008fc00000, 0x000000008fd00000|  0%| F|  |TAMS 0x000000008fc00000, 0x000000008fc00000| Untracked 
|  93|0x000000008fd00000, 0x000000008fd00000, 0x000000008fe00000|  0%| F|  |TAMS 0x000000008fd00000, 0x000000008fd00000| Untracked 
|  94|0x000000008fe00000, 0x000000008fe00000, 0x000000008ff00000|  0%| F|  |TAMS 0x000000008fe00000, 0x000000008fe00000| Untracked 
|  95|0x000000008ff00000, 0x000000008ff00000, 0x0000000090000000|  0%| F|  |TAMS 0x000000008ff00000, 0x000000008ff00000| Untracked 
|  96|0x0000000090000000, 0x0000000090000000, 0x0000000090100000|  0%| F|  |TAMS 0x0000000090000000, 0x0000000090000000| Untracked 
|  97|0x0000000090100000, 0x0000000090100000, 0x0000000090200000|  0%| F|  |TAMS 0x0000000090100000, 0x0000000090100000| Untracked 
|  98|0x0000000090200000, 0x0000000090200000, 0x0000000090300000|  0%| F|  |TAMS 0x0000000090200000, 0x0000000090200000| Untracked 
|  99|0x0000000090300000, 0x0000000090300000, 0x0000000090400000|  0%| F|  |TAMS 0x0000000090300000, 0x0000000090300000| Untracked 
| 100|0x0000000090400000, 0x0000000090400000, 0x0000000090500000|  0%| F|  |TAMS 0x0000000090400000, 0x0000000090400000| Untracked 
| 101|0x0000000090500000, 0x0000000090500000, 0x0000000090600000|  0%| F|  |TAMS 0x0000000090500000, 0x0000000090500000| Untracked 
| 102|0x0000000090600000, 0x0000000090600000, 0x0000000090700000|  0%| F|  |TAMS 0x0000000090600000, 0x0000000090600000| Untracked 
| 103|0x0000000090700000, 0x0000000090700000, 0x0000000090800000|  0%| F|  |TAMS 0x0000000090700000, 0x0000000090700000| Untracked 
| 104|0x0000000090800000, 0x0000000090800000, 0x0000000090900000|  0%| F|  |TAMS 0x0000000090800000, 0x0000000090800000| Untracked 
| 105|0x0000000090900000, 0x0000000090900000, 0x0000000090a00000|  0%| F|  |TAMS 0x0000000090900000, 0x0000000090900000| Untracked 
| 106|0x0000000090a00000, 0x0000000090a00000, 0x0000000090b00000|  0%| F|  |TAMS 0x0000000090a00000, 0x0000000090a00000| Untracked 
| 107|0x0000000090b00000, 0x0000000090b00000, 0x0000000090c00000|  0%| F|  |TAMS 0x0000000090b00000, 0x0000000090b00000| Untracked 
| 108|0x0000000090c00000, 0x0000000090c00000, 0x0000000090d00000|  0%| F|  |TAMS 0x0000000090c00000, 0x0000000090c00000| Untracked 
| 109|0x0000000090d00000, 0x0000000090d00000, 0x0000000090e00000|  0%| F|  |TAMS 0x0000000090d00000, 0x0000000090d00000| Untracked 
| 110|0x0000000090e00000, 0x0000000090e00000, 0x0000000090f00000|  0%| F|  |TAMS 0x0000000090e00000, 0x0000000090e00000| Untracked 
| 111|0x0000000090f00000, 0x0000000090f00000, 0x0000000091000000|  0%| F|  |TAMS 0x0000000090f00000, 0x0000000090f00000| Untracked 
| 112|0x0000000091000000, 0x000000009106c088, 0x0000000091100000| 42%| E|  |TAMS 0x0000000091000000, 0x0000000091000000| Complete 
| 113|0x0000000091100000, 0x0000000091200000, 0x0000000091200000|100%| E|CS|TAMS 0x0000000091100000, 0x0000000091100000| Complete 
| 114|0x0000000091200000, 0x0000000091300000, 0x0000000091300000|100%| E|CS|TAMS 0x0000000091200000, 0x0000000091200000| Complete 
| 115|0x0000000091300000, 0x0000000091400000, 0x0000000091400000|100%| E|CS|TAMS 0x0000000091300000, 0x0000000091300000| Complete 
| 116|0x0000000091400000, 0x0000000091500000, 0x0000000091500000|100%| E|CS|TAMS 0x0000000091400000, 0x0000000091400000| Complete 
| 117|0x0000000091500000, 0x0000000091600000, 0x0000000091600000|100%| E|CS|TAMS 0x0000000091500000, 0x0000000091500000| Complete 

Card table byte_map: [0x000001ddf22f0000,0x000001ddf26a0000] _byte_map_base: 0x000001ddf1ea0000

Marking Bits (Prev, Next): (CMBitMap*) 0x000001ddec7e5c40, (CMBitMap*) 0x000001ddec7e5c80
 Prev Bits: [0x000001ddf2a50000, 0x000001ddf47d0000)
 Next Bits: [0x000001ddf47d0000, 0x000001ddf6550000)

Polling page: 0x000001ddec850000

Metaspace:

Usage:
  Non-class:      9.25 MB used.
      Class:    989.53 KB used.
       Both:     10.22 MB used.

Virtual space:
  Non-class space:       64.00 MB reserved,       9.31 MB ( 15%) committed,  1 nodes.
      Class space:        1.00 GB reserved,       1.00 MB ( <1%) committed,  1 nodes.
             Both:        1.06 GB reserved,      10.31 MB ( <1%) committed. 

Chunk freelists:
   Non-Class:  6.32 MB
       Class:  15.01 MB
        Both:  21.33 MB

MaxMetaspaceSize: unlimited
CompressedClassSpaceSize: 1.00 GB
Initial GC threshold: 21.00 MB
Current GC threshold: 21.00 MB
CDS: off
MetaspaceReclaimPolicy: balanced
 - commit_granule_bytes: 65536.
 - commit_granule_words: 8192.
 - virtual_space_node_default_size: 8388608.
 - enlarge_chunks_in_place: 1.
 - new_chunks_are_fully_committed: 0.
 - uncommit_free_chunks: 1.
 - use_allocation_guard: 0.
 - handle_deallocations: 1.


Internal statistics:

num_allocs_failed_limit: 0.
num_arena_births: 40.
num_arena_deaths: 0.
num_vsnodes_births: 2.
num_vsnodes_deaths: 0.
num_space_committed: 165.
num_space_uncommitted: 0.
num_chunks_returned_to_freelist: 0.
num_chunks_taken_from_freelist: 82.
num_chunk_merges: 0.
num_chunk_splits: 45.
num_chunks_enlarged: 29.
num_inconsistent_stats: 0.

CodeHeap 'non-profiled nmethods': size=120000Kb used=126Kb max_used=126Kb free=119873Kb
 bounds [0x000001dd87ad0000, 0x000001dd87d40000, 0x000001dd8f000000]
CodeHeap 'profiled nmethods': size=120000Kb used=670Kb max_used=670Kb free=119329Kb
 bounds [0x000001dd80000000, 0x000001dd80270000, 0x000001dd87530000]
CodeHeap 'non-nmethods': size=5760Kb used=1144Kb max_used=1158Kb free=4615Kb
 bounds [0x000001dd87530000, 0x000001dd877a0000, 0x000001dd87ad0000]
 total_blobs=889 nmethods=456 adapters=346
 compilation: enabled
              stopped_count=0, restarted_count=0
 full_count=0

Compilation events (20 events):
Event: 0.272 Thread 0x000001ddfd048920 nmethod 446 0x000001dd800a1510 code [0x000001dd800a1820, 0x000001dd800a2cf8]
Event: 0.272 Thread 0x000001ddfd048920  447       3       java.lang.ref.WeakReference::<init> (7 bytes)
Event: 0.272 Thread 0x000001ddfd048920 nmethod 447 0x000001dd800a3310 code [0x000001dd800a34c0, 0x000001dd800a3798]
Event: 0.272 Thread 0x000001ddfd048920  448       3       jdk.internal.org.objectweb.asm.ByteVector::putInt (74 bytes)
Event: 0.272 Thread 0x000001ddfd048920 nmethod 448 0x000001dd800a3890 code [0x000001dd800a3a40, 0x000001dd800a3ca8]
Event: 0.272 Thread 0x000001ddfd048920  449   !   3       java.lang.invoke.MemberName::clone (14 bytes)
Event: 0.273 Thread 0x000001ddfd048920 nmethod 449 0x000001dd800a3e10 code [0x000001dd800a3fe0, 0x000001dd800a4358]
Event: 0.274 Thread 0x000001ddfd044de0 nmethod 439 0x000001dd87aeef90 code [0x000001dd87aef120, 0x000001dd87aef588]
Event: 0.275 Thread 0x000001ddfd048920  451       3       java.lang.invoke.MemberName::isResolved (13 bytes)
Event: 0.275 Thread 0x000001ddfd048920 nmethod 451 0x000001dd800a4510 code [0x000001dd800a46a0, 0x000001dd800a4818]
Event: 0.276 Thread 0x000001ddfd048920  452       3       java.util.Objects::requireNonNull (15 bytes)
Event: 0.276 Thread 0x000001ddfd048920 nmethod 452 0x000001dd800a4890 code [0x000001dd800a4a40, 0x000001dd800a4c28]
Event: 0.276 Thread 0x000001ddfd048920  453       1       java.lang.invoke.MethodHandles$Lookup::previousLookupClass (5 bytes)
Event: 0.276 Thread 0x000001ddfd048920 nmethod 453 0x000001dd87aef810 code [0x000001dd87aef9a0, 0x000001dd87aefa78]
Event: 0.277 Thread 0x000001ddfd048920  454       3       sun.invoke.util.Wrapper::forPrimitiveType (49 bytes)
Event: 0.277 Thread 0x000001ddfd048920 nmethod 454 0x000001dd800a4d10 code [0x000001dd800a5080, 0x000001dd800a6408]
Event: 0.277 Thread 0x000001ddfd048920  456       3       java.lang.invoke.MethodTypeForm::canonicalizeAll (63 bytes)
Event: 0.278 Thread 0x000001ddfd048920 nmethod 456 0x000001dd800a6b90 code [0x000001dd800a6d80, 0x000001dd800a73b8]
Event: 0.278 Thread 0x000001ddfd048920  455       3       jdk.internal.org.objectweb.asm.ByteVector::put122 (93 bytes)
Event: 0.278 Thread 0x000001ddfd048920 nmethod 455 0x000001dd800a7590 code [0x000001dd800a7740, 0x000001dd800a79c8]

GC Heap History (0 events):
No events

Dll operation events (1 events):
Event: 0.004 Loaded shared library C:\Users\Danilka\AppData\Local\Programs\IntelliJ IDEA Community Edition\jbr\bin\java.dll

Deoptimization events (0 events):
No events

Classes unloaded (0 events):
No events

Classes redefined (0 events):
No events

Internal exceptions (15 events):
Event: 0.165 Thread 0x000001ddec790130 Exception <a 'sun/nio/fs/WindowsException'{0x00000000913ed498}> (0x00000000913ed498) 
thrown [s\src\hotspot\share\prims\jni.cpp, line 531]
Event: 0.179 Thread 0x000001ddec790130 Exception <a 'java/lang/NoSuchMethodError'{0x000000009121a858}: 'int java.lang.invoke.DirectMethodHandle$Holder.invokeStaticInit(java.lang.Object, java.lang.Object, java.lang.Object, java.lang.Object)'> (0x000000009121a858) 
thrown [s\src\hotspot\share\interpreter\linkResolver.cpp, line 771]
Event: 0.181 Thread 0x000001ddec790130 Exception <a 'java/lang/NoSuchMethodError'{0x00000000912254b8}: 'java.lang.Object java.lang.invoke.DirectMethodHandle$Holder.invokeInterface(java.lang.Object, java.lang.Object)'> (0x00000000912254b8) 
thrown [s\src\hotspot\share\interpreter\linkResolver.cpp, line 771]
Event: 0.182 Thread 0x000001ddec790130 Exception <a 'java/lang/IncompatibleClassChangeError'{0x0000000091228dd8}: Found class java.lang.Object, but interface was expected> (0x0000000091228dd8) 
thrown [s\src\hotspot\share\interpreter\linkResolver.cpp, line 838]
Event: 0.182 Thread 0x000001ddec790130 Exception <a 'java/lang/NoSuchMethodError'{0x000000009122c188}: 'void java.lang.invoke.DirectMethodHandle$Holder.invokeStatic(java.lang.Object, java.lang.Object)'> (0x000000009122c188) 
thrown [s\src\hotspot\share\interpreter\linkResolver.cpp, line 771]
Event: 0.183 Thread 0x000001ddec790130 Exception <a 'java/lang/NoSuchMethodError'{0x000000009122faa0}: 'void java.lang.invoke.DirectMethodHandle$Holder.invokeStaticInit(java.lang.Object, java.lang.Object)'> (0x000000009122faa0) 
thrown [s\src\hotspot\share\interpreter\linkResolver.cpp, line 771]
Event: 0.184 Thread 0x000001ddec790130 Exception <a 'java/lang/NoSuchMethodError'{0x0000000091236398}: 'int java.lang.invoke.DirectMethodHandle$Holder.invokeStaticInit(java.lang.Object, java.lang.Object)'> (0x0000000091236398) 
thrown [s\src\hotspot\share\interpreter\linkResolver.cpp, line 771]
Event: 0.215 Thread 0x000001ddec790130 Exception <a 'java/lang/NoSuchMethodError'{0x000000009111cef8}: 'java.lang.Object java.lang.invoke.DirectMethodHandle$Holder.invokeStaticInit(java.lang.Object, int, int, int, int)'> (0x000000009111cef8) 
thrown [s\src\hotspot\share\interpreter\linkResolver.cpp, line 771]
Event: 0.256 Thread 0x000001ddec790130 Exception <a 'java/lang/NoSuchMethodError'{0x000000009113fd48}: 'java.lang.Object java.lang.invoke.DirectMethodHandle$Holder.invokeStaticInit(java.lang.Object, java.lang.Object, int, int, int, int)'> (0x000000009113fd48) 
thrown [s\src\hotspot\share\interpreter\linkResolver.cpp, line 771]
Event: 0.263 Thread 0x000001ddec790130 Exception <a 'java/lang/NoSuchMethodError'{0x00000000911a8a00}: 'java.lang.Object java.lang.invoke.DirectMethodHandle$Holder.invokeStatic(java.lang.Object, java.lang.Object, int)'> (0x00000000911a8a00) 
thrown [s\src\hotspot\share\interpreter\linkResolver.cpp, line 771]
Event: 0.263 Thread 0x000001ddec790130 Exception <a 'java/lang/NoSuchMethodError'{0x00000000911ac178}: 'java.lang.Object java.lang.invoke.DirectMethodHandle$Holder.invokeStaticInit(java.lang.Object, java.lang.Object, int)'> (0x00000000911ac178) 
thrown [s\src\hotspot\share\interpreter\linkResolver.cpp, line 771]
Event: 0.263 Thread 0x000001ddec790130 Exception <a 'java/lang/NoSuchMethodError'{0x00000000911b2528}: 'java.lang.Object java.lang.invoke.DirectMethodHandle$Holder.newInvokeSpecial(java.lang.Object, java.lang.Object, int)'> (0x00000000911b2528) 
thrown [s\src\hotspot\share\interpreter\linkResolver.cpp, line 771]
Event: 0.265 Thread 0x000001ddec790130 Exception <a 'java/lang/NoSuchMethodError'{0x00000000911c1ce8}: 'int java.lang.invoke.DirectMethodHandle$Holder.invokeStaticInit(java.lang.Object, java.lang.Object, java.lang.Object)'> (0x00000000911c1ce8) 
thrown [s\src\hotspot\share\interpreter\linkResolver.cpp, line 771]
Event: 0.267 Thread 0x000001ddec790130 Exception <a 'java/lang/NoSuchMethodError'{0x00000000911d1ec8}: 'int java.lang.invoke.DirectMethodHandle$Holder.invokeSpecial(java.lang.Object, java.lang.Object, java.lang.Object)'> (0x00000000911d1ec8) 
thrown [s\src\hotspot\share\interpreter\linkResolver.cpp, line 771]
Event: 0.268 Thread 0x000001ddec790130 Exception <a 'java/lang/NoSuchMethodError'{0x00000000911da2a8}: 'int java.lang.invoke.DirectMethodHandle$Holder.invokeSpecialIFC(java.lang.Object, java.lang.Object, java.lang.Object)'> (0x00000000911da2a8) 
thrown [s\src\hotspot\share\interpreter\linkResolver.cpp, line 771]

VM Operations (6 events):
Event: 0.083 Executing VM operation: HandshakeAllThreads
Event: 0.083 Executing VM operation: HandshakeAllThreads done
Event: 0.093 Executing VM operation: HandshakeAllThreads
Event: 0.094 Executing VM operation: HandshakeAllThreads done
Event: 0.224 Executing VM operation: HandshakeAllThreads
Event: 0.224 Executing VM operation: HandshakeAllThreads done

Events (20 events):
Event: 0.275 loading class java/lang/invoke/VarHandleInts$FieldStaticReadWrite
Event: 0.275 loading class java/lang/invoke/VarHandleInts$FieldStaticReadOnly
Event: 0.275 loading class java/lang/invoke/VarHandleInts$FieldStaticReadOnly done
Event: 0.275 loading class java/lang/invoke/VarHandleInts$FieldStaticReadWrite done
Event: 0.275 loading class java/util/concurrent/ForkJoinPool$DefaultForkJoinWorkerThreadFactory
Event: 0.275 loading class java/util/concurrent/ForkJoinPool$ForkJoinWorkerThreadFactory
Event: 0.275 loading class java/util/concurrent/ForkJoinPool$ForkJoinWorkerThreadFactory done
Event: 0.275 loading class java/util/concurrent/ForkJoinPool$DefaultForkJoinWorkerThreadFactory done
Event: 0.275 loading class java/util/concurrent/ForkJoinPool$1
Event: 0.275 loading class java/util/concurrent/ForkJoinPool$1 done
Event: 0.275 loading class java/util/concurrent/ForkJoinPool$DefaultCommonPoolForkJoinWorkerThreadFactory
Event: 0.275 loading class java/util/concurrent/ForkJoinPool$DefaultCommonPoolForkJoinWorkerThreadFactory done
Event: 0.275 loading class java/util/concurrent/ForkJoinPool$WorkQueue
Event: 0.276 loading class java/util/concurrent/ForkJoinPool$WorkQueue done
Event: 0.276 loading class java/util/concurrent/CompletableFuture$Completion
Event: 0.276 loading class java/util/concurrent/CompletableFuture$AsynchronousCompletionTask
Event: 0.276 loading class java/util/concurrent/CompletableFuture$AsynchronousCompletionTask done
Event: 0.276 loading class java/util/concurrent/ForkJoinTask
Event: 0.276 loading class java/util/concurrent/ForkJoinTask done
Event: 0.276 loading class java/util/concurrent/CompletableFuture$Completion done


Dynamic libraries:
0x00007ff638960000 - 0x00007ff63896a000 	C:\Users\Danilka\AppData\Local\Programs\IntelliJ IDEA Community Edition\jbr\bin\java.exe
0x00007ffb44610000 - 0x00007ffb44808000 	C:\WINDOWS\SYSTEM32\ntdll.dll
0x00007ffb42aa0000 - 0x00007ffb42b61000 	C:\WINDOWS\System32\KERNEL32.DLL
0x00007ffb41ec0000 - 0x00007ffb421bd000 	C:\WINDOWS\System32\KERNELBASE.dll
0x00007ffb42540000 - 0x00007ffb42640000 	C:\WINDOWS\System32\ucrtbase.dll
0x00007ffb1fb90000 - 0x00007ffb1fbab000 	C:\Users\Danilka\AppData\Local\Programs\IntelliJ IDEA Community Edition\jbr\bin\VCRUNTIME140.dll
0x00007ffb38220000 - 0x00007ffb38237000 	C:\Users\Danilka\AppData\Local\Programs\IntelliJ IDEA Community Edition\jbr\bin\jli.dll
0x00007ffb43790000 - 0x00007ffb4392d000 	C:\WINDOWS\System32\USER32.dll
0x00007ffb41de0000 - 0x00007ffb41e02000 	C:\WINDOWS\System32\win32u.dll
0x00007ffb41010000 - 0x00007ffb412aa000 	C:\WINDOWS\WinSxS\amd64_microsoft.windows.common-controls_6595b64144ccf1df_6.0.19041.4355_none_60b8b9eb71f62e16\COMCTL32.dll
0x00007ffb42a70000 - 0x00007ffb42a9b000 	C:\WINDOWS\System32\GDI32.dll
0x00007ffb42700000 - 0x00007ffb4279e000 	C:\WINDOWS\System32\msvcrt.dll
0x00007ffb41cc0000 - 0x00007ffb41dd7000 	C:\WINDOWS\System32\gdi32full.dll
0x00007ffb42280000 - 0x00007ffb4231d000 	C:\WINDOWS\System32\msvcp_win.dll
0x00007ffb43cc0000 - 0x00007ffb43cef000 	C:\WINDOWS\System32\IMM32.DLL
0x00007ffb37040000 - 0x00007ffb3704c000 	C:\Users\Danilka\AppData\Local\Programs\IntelliJ IDEA Community Edition\jbr\bin\vcruntime140_1.dll
0x00007ffb0fda0000 - 0x00007ffb0fe2d000 	C:\Users\Danilka\AppData\Local\Programs\IntelliJ IDEA Community Edition\jbr\bin\msvcp140.dll
0x00007ffb0d2d0000 - 0x00007ffb0df53000 	C:\Users\Danilka\AppData\Local\Programs\IntelliJ IDEA Community Edition\jbr\bin\server\jvm.dll
0x00007ffb43cf0000 - 0x00007ffb43da0000 	C:\WINDOWS\System32\ADVAPI32.dll
0x00007ffb43b60000 - 0x00007ffb43c00000 	C:\WINDOWS\System32\sechost.dll
0x00007ffb443a0000 - 0x00007ffb444c3000 	C:\WINDOWS\System32\RPCRT4.dll
0x00007ffb42510000 - 0x00007ffb42537000 	C:\WINDOWS\System32\bcrypt.dll
0x00007ffb41b10000 - 0x00007ffb41b5b000 	C:\WINDOWS\SYSTEM32\POWRPROF.dll
0x00007ffb2a340000 - 0x00007ffb2a349000 	C:\WINDOWS\SYSTEM32\WSOCK32.dll
0x00007ffb3cd90000 - 0x00007ffb3cdb7000 	C:\WINDOWS\SYSTEM32\WINMM.dll
0x00007ffb44560000 - 0x00007ffb445cb000 	C:\WINDOWS\System32\WS2_32.dll
0x00007ffb36e70000 - 0x00007ffb36e7a000 	C:\WINDOWS\SYSTEM32\VERSION.dll
0x00007ffb41af0000 - 0x00007ffb41b02000 	C:\WINDOWS\SYSTEM32\UMPDC.dll
0x00007ffb3fe50000 - 0x00007ffb3fe62000 	C:\WINDOWS\SYSTEM32\kernel.appcore.dll
0x00007ffb3daa0000 - 0x00007ffb3daaa000 	C:\Users\Danilka\AppData\Local\Programs\IntelliJ IDEA Community Edition\jbr\bin\jimage.dll
0x00007ffb41610000 - 0x00007ffb417f4000 	C:\WINDOWS\SYSTEM32\DBGHELP.DLL
0x00007ffb41420000 - 0x00007ffb41454000 	C:\WINDOWS\SYSTEM32\dbgcore.DLL
0x00007ffb42480000 - 0x00007ffb42502000 	C:\WINDOWS\System32\bcryptPrimitives.dll
0x00007ffb3ca10000 - 0x00007ffb3ca35000 	C:\Users\Danilka\AppData\Local\Programs\IntelliJ IDEA Community Edition\jbr\bin\java.dll
0x00007ffb3b1b0000 - 0x00007ffb3b1c8000 	C:\Users\Danilka\AppData\Local\Programs\IntelliJ IDEA Community Edition\jbr\bin\zip.dll
0x00007ffb43020000 - 0x00007ffb4378f000 	C:\WINDOWS\System32\SHELL32.dll
0x00007ffb3f6a0000 - 0x00007ffb3fe3f000 	C:\WINDOWS\SYSTEM32\windows.storage.dll
0x00007ffb42b70000 - 0x00007ffb42ec3000 	C:\WINDOWS\System32\combase.dll
0x00007ffb40f70000 - 0x00007ffb40f9e000 	C:\WINDOWS\SYSTEM32\Wldp.dll
0x00007ffb442d0000 - 0x00007ffb4439d000 	C:\WINDOWS\System32\OLEAUT32.dll
0x00007ffb43c00000 - 0x00007ffb43cad000 	C:\WINDOWS\System32\SHCORE.dll
0x00007ffb428e0000 - 0x00007ffb42935000 	C:\WINDOWS\System32\shlwapi.dll
0x00007ffb41bf0000 - 0x00007ffb41c14000 	C:\WINDOWS\SYSTEM32\profapi.dll
0x00007ffb3b190000 - 0x00007ffb3b1a9000 	C:\Users\Danilka\AppData\Local\Programs\IntelliJ IDEA Community Edition\jbr\bin\net.dll
0x00007ffb3a120000 - 0x00007ffb3a22d000 	C:\WINDOWS\SYSTEM32\WINHTTP.dll
0x00007ffb40c80000 - 0x00007ffb40cea000 	C:\WINDOWS\system32\mswsock.dll
0x00007ffb38240000 - 0x00007ffb38256000 	C:\Users\Danilka\AppData\Local\Programs\IntelliJ IDEA Community Edition\jbr\bin\nio.dll
0x00007ffb3c3d0000 - 0x00007ffb3c3de000 	C:\Users\Danilka\AppData\Local\Programs\IntelliJ IDEA Community Edition\jbr\bin\sunmscapi.dll
0x00007ffb42320000 - 0x00007ffb4247e000 	C:\WINDOWS\System32\CRYPT32.dll
0x00007ffb40fe0000 - 0x00007ffb41009000 	C:\WINDOWS\SYSTEM32\ncrypt.dll
0x00007ffb40fa0000 - 0x00007ffb40fdb000 	C:\WINDOWS\SYSTEM32\NTASN1.dll
0x00007ffb419b0000 - 0x00007ffb419c8000 	C:\WINDOWS\SYSTEM32\CRYPTSP.dll
0x00007ffb40640000 - 0x00007ffb40674000 	C:\WINDOWS\system32\rsaenh.dll
0x00007ffb41ba0000 - 0x00007ffb41bce000 	C:\WINDOWS\SYSTEM32\USERENV.dll
0x00007ffb40f00000 - 0x00007ffb40f0c000 	C:\WINDOWS\SYSTEM32\CRYPTBASE.dll
0x00007ffb409a0000 - 0x00007ffb409db000 	C:\WINDOWS\SYSTEM32\IPHLPAPI.DLL
0x00007ffb43cb0000 - 0x00007ffb43cb8000 	C:\WINDOWS\System32\NSI.dll
0x00007ffb3b940000 - 0x00007ffb3b957000 	C:\WINDOWS\SYSTEM32\dhcpcsvc6.DLL
0x00007ffb3b900000 - 0x00007ffb3b91d000 	C:\WINDOWS\SYSTEM32\dhcpcsvc.DLL
0x00007ffb409e0000 - 0x00007ffb40aaa000 	C:\WINDOWS\SYSTEM32\DNSAPI.dll

dbghelp: loaded successfully - version: 4.0.5 - missing functions: none
symbol engine: initialized successfully - sym options: 0x614 - pdb path: .;C:\Users\Danilka\AppData\Local\Programs\IntelliJ IDEA Community Edition\jbr\bin;C:\WINDOWS\SYSTEM32;C:\WINDOWS\WinSxS\amd64_microsoft.windows.common-controls_6595b64144ccf1df_6.0.19041.4355_none_60b8b9eb71f62e16;C:\Users\Danilka\AppData\Local\Programs\IntelliJ IDEA Community Edition\jbr\bin\server

VM Arguments:
java_command: git4idea.http.GitAskPassApp Username for 'https://github.com': 
java_class_path (initial): C:/Users/Danilka/AppData/Local/Programs/IntelliJ IDEA Community Edition/plugins/vcs-git/lib/git4idea-rt.jar;C:/Users/Danilka/AppData/Local/Programs/IntelliJ IDEA Community Edition/lib/externalProcess-rt.jar
Launcher Type: SUN_STANDARD

[Global flags]
     intx CICompilerCount                          = 3                                         {product} {ergonomic}
     uint ConcGCThreads                            = 2                                         {product} {ergonomic}
     uint G1ConcRefinementThreads                  = 6                                         {product} {ergonomic}
   size_t G1HeapRegionSize                         = 1048576                                   {product} {ergonomic}
    uintx GCDrainStackTargetSize                   = 64                                        {product} {ergonomic}
   size_t InitialHeapSize                          = 123731968                                 {product} {ergonomic}
   size_t MarkStackSize                            = 4194304                                   {product} {ergonomic}
   size_t MaxHeapSize                              = 1979711488                                {product} {ergonomic}
   size_t MaxNewSize                               = 1186988032                                {product} {ergonomic}
   size_t MinHeapDeltaBytes                        = 1048576                                   {product} {ergonomic}
   size_t MinHeapSize                              = 8388608                                   {product} {ergonomic}
    uintx NonNMethodCodeHeapSize                   = 5832780                                {pd product} {ergonomic}
    uintx NonProfiledCodeHeapSize                  = 122912730                              {pd product} {ergonomic}
    uintx ProfiledCodeHeapSize                     = 122912730                              {pd product} {ergonomic}
    uintx ReservedCodeCacheSize                    = 251658240                              {pd product} {ergonomic}
     bool SegmentedCodeCache                       = true                                      {product} {ergonomic}
   size_t SoftMaxHeapSize                          = 1979711488                             {manageable} {ergonomic}
     bool UseCompressedClassPointers               = true                           {product lp64_product} {ergonomic}
     bool UseCompressedOops                        = true                           {product lp64_product} {ergonomic}
     bool UseG1GC                                  = true                                      {product} {ergonomic}
     bool UseLargePagesIndividualAllocation        = false                                  {pd product} {ergonomic}

Logging:
Log output configuration:
 #0: stdout all=warning uptime,level,tags
 #1: stderr all=off uptime,level,tags

Environment Variables:
PATH=C:/Program Files/Git/mingw64/libexec/git-core;C:/Program Files/Git/mingw64/libexec/git-core;C:\Program Files\Git\mingw64\bin;C:\Program Files\Git\usr\bin;C:\Users\Danilka\bin;C:\Program Files\nodejs\;C:\Windows\System32;C:\Windows\System32;C:\Users\Danilka\AppData\Local\Programs\Microsoft VS Code\bin;C:\Users\Danilka\AppData\Roaming\npm
USERNAME=Danilka
DISPLAY=:0.0
LC_ALL=en_US.UTF-8
TERM=xterm-256color
TMPDIR=C:\Users\Danilka\AppData\Local\Temp
OS=Windows_NT
PROCESSOR_IDENTIFIER=AMD64 Family 23 Model 96 Stepping 1, AuthenticAMD
TMP=C:\Users\Danilka\AppData\Local\Temp
TEMP=C:\Users\Danilka\AppData\Local\Temp



Periodic native trim disabled

JNI global refs:
JNI global refs: 18, weak refs: 0

JNI global refs memory usage: 843, weak refs: 209

Process memory usage:
Resident Set Size: 49412K (0% of 7730456K total physical memory with 1805264K free physical memory)

OOME stack traces (most recent first):
Classloader memory used:
Loader bootstrap                                                                       : 1269K
Loader jdk.internal.loader.ClassLoaders$PlatformClassLoader                            : 37348B
Loader jdk.internal.loader.ClassLoaders$AppClassLoader                                 : 1808B


---------------  S Y S T E M  ---------------

OS:
 Windows 10 , 64 bit Build 19041 (10.0.19041.4717)
OS uptime: 5 days 15:37 hours

CPU: total 6 (initial active 6) (6 cores per cpu, 1 threads per core) family 23 model 96 stepping 1 microcode 0x0, cx8, cmov, fxsr, mmx, 3dnowpref, sse, sse2, sse3, ssse3, sse4a, sse4.1, sse4.2, popcnt, lzcnt, tsc, tscinvbit, avx, avx2, aes, clmul, bmi1, bmi2, adx, sha, fma, vzeroupper, clflush, clflushopt
Processor Information for all 6 processors :
  Max Mhz: 2375, Current Mhz: 2375, Mhz Limit: 2375

Memory: 4k page, system-wide physical 7549M (1762M free)
TotalPageFile size 17549M (AvailPageFile size 3099M)
current process WorkingSet (physical memory assigned to process): 48M, peak: 48M
current process commit charge ("private bytes"): 198M, peak: 199M

vm_info: OpenJDK 64-Bit Server VM (17.0.11+1-b1207.30) for windows-amd64 JRE (17.0.11+1-b1207.30), built on 2024-07-12 by "builduser" with MS VC++ 16.10 / 16.11 (VS2019)

END.
